<!DOCTYPE html PUBLIC "-//W3C//DTD XHTML 1.1//EN" "http://www.w3.org/TR/xhtml11/DTD/xhtml11.dtd">
<html xmlns="http://www.w3.org/1999/xhtml"><head><title>TestNG Report</title><style type="text/css">table {margin-bottom:10px;border-collapse:collapse;empty-cells:show}th,td {border:1px solid #009;padding:.25em .5em}th {vertical-align:bottom}td {vertical-align:top}table a {font-weight:bold}.stripe td {background-color: #E6EBF9}.num {text-align:right}.passedodd td {background-color: #3F3}.passedeven td {background-color: #0A0}.skippedodd td {background-color: #DDD}.skippedeven td {background-color: #CCC}.failedodd td,.attn {background-color: #F33}.failedeven td,.stripe .attn {background-color: #D00}.stacktrace {white-space:pre;font-family:monospace}.totop {font-size:85%;text-align:center;border-bottom:2px solid #000}</style></head><body><table><tr><th>Test</th><th># Passed</th><th># Skipped</th><th># Failed</th><th>Time (ms)</th><th>Included Groups</th><th>Excluded Groups</th></tr><tr><th colspan="7">QAF Example</th></tr><tr><td><a href="#t0">BDD Test</a></td><td class="num">1</td><td class="num">0</td><td class="num">0</td><td class="num">7,379</td><td></td><td></td></tr><tr class="stripe"><td><a href="#t1">JAVA Test</a></td><td class="num">4</td><td class="num">0</td><td class="num attn">1</td><td class="num">4,819</td><td></td><td></td></tr><tr><th>Total</th><th class="num">5</th><th class="num">0</th><th class="num attn">1</th><th class="num">12,198</th><th colspan="2"></th></tr></table><table><thead><tr><th>Class</th><th>Method</th><th>Start</th><th>Time (ms)</th></tr></thead><tbody><tr><th colspan="4">QAF Example</th></tr></tbody><tbody id="t0"><tr><th colspan="4">BDD Test &#8212; passed</th></tr><tr class="passedeven"><td rowspan="1">com.qmetry.qaf.automation.step.client.Scenario</td><td><a href="#m0">SampleTest</a></td><td rowspan="1">1536057016084</td><td rowspan="1">7276</td></tr></tbody><tbody id="t1"><tr><th colspan="4">JAVA Test &#8212; failed</th></tr><tr class="failedeven"><td rowspan="1">qaf.example.tests.Suite1</td><td><a href="#m1">testGoogleSearch</a></td><td rowspan="1">1536057023615</td><td rowspan="1">4340</td></tr><tr><th colspan="4">JAVA Test &#8212; passed</th></tr><tr class="passedeven"><td rowspan="4">qaf.example.tests.SampleTest</td><td><a href="#m2">login</a></td><td rowspan="4">1536057023519</td><td rowspan="4">4</td></tr><tr class="passedeven"><td><a href="#m3">login</a></td></tr><tr class="passedeven"><td><a href="#m4">login</a></td></tr><tr class="passedeven"><td><a href="#m5">login</a></td></tr></tbody></table><h2>BDD Test</h2><h3 id="m0">com.qmetry.qaf.automation.step.client.Scenario#SampleTest</h3><table class="result"><tr><th>Messages</th></tr><tr><td><div class="messages"><div style="display:block;margin-left:10px;"><div  class="teststeppass"><span class="teststeppass-label">T </span>Given get '/'</div><div  class="teststeppass"><span class="teststeppass-label">T </span>When sendKeys 'Git reporsitory QAF' into 'txt.searchbox'</div><div  class="teststeppass"><span class="teststeppass-label">T </span>And click on 'btn.search'</div><div  class="teststeppass"><span class="teststeppass-label">T </span>Then verify link with partial text 'GitHub' is present</div><div style="display:block;margin-left:10px;"><div  class="pass"><span class="pass-label">P </span>Expected By.partialLinkText: GitHub present : Actual By.partialLinkText: GitHub present <a href="../img/SampleTest_c01f7tebh5sb36927.png" target="_blank">[View Screenshot]</a> </div></div></div></div></td></tr></table><p class="totop"><a href="#summary">back to summary</a></p><h2>JAVA Test</h2><h3 id="m1">qaf.example.tests.Suite1#testGoogleSearch</h3><table class="result"><tr><th>Messages</th></tr><tr><td><div class="messages"><div style="display:block;margin-left:10px;"><div  class="teststeppass"><span class="teststeppass-label">T </span>get '/'</div><div  class="teststeppass"><span class="teststeppass-label">T </span>sendKeys 'Git repository QAF' into 'txt.searchbox'</div><div  class="teststepfail"><span class="teststepfail-label">T </span>click on 'btn.search' <a href="../img/TestGoogleSearch_14ncnqskk4k0736928.png" target="_blank">[View Screenshot]</a> </div><div style="display:block;margin-left:10px;"><div  class="fail"><span class="fail-label">F </span>org.openqa.selenium.WebDriverException: unknown error: Element <input value="Google Search" aria-label="Google Search" name="btnK" type="submit" jsaction="sf.chk"> is not clickable at point (440, 411). Other element would receive the click: <b>...</b>
  (Session info: chrome=68.0.3440.106)
  (Driver info: chromedriver=2.41.578737 (49da6702b16031c40d63e5618de03a32ff6c197e),platform=Windows NT 10.0.17134 x86_64) (WARNING: The server did not provide any stacktrace information)
Command duration or timeout: 38 milliseconds
Build info: version: '2.53.0', revision: '35ae25b1534ae328c771e0856c93e187490ca824', time: '2016-03-15 10:43:46'
System info: host: 'ICPL10361', ip: '10.12.41.174', os.name: 'Windows 10', os.arch: 'amd64', os.version: '10.0', java.version: '1.8.0_171'
Driver info: com.qmetry.qaf.automation.ui.webdriver.QAFExtendedWebDriver
Capabilities [{mobileEmulationEnabled=false, hasTouchScreen=false, platform=XP, acceptSslCerts=false, goog:chromeOptions={debuggerAddress=localhost:61896}, acceptInsecureCerts=false, webStorageEnabled=true, browserName=chrome, takesScreenshot=true, javascriptEnabled=true, setWindowRect=true, unexpectedAlertBehaviour=, applicationCacheEnabled=false, rotatable=false, networkConnectionEnabled=false, chrome={chromedriverVersion=2.41.578737 (49da6702b16031c40d63e5618de03a32ff6c197e), userDataDir=C:\Users\DHEERA~1.KUM\AppData\Local\Temp\scoped_dir2740_6250}, takesHeapSnapshot=true, pageLoadStrategy=normal, databaseEnabled=false, handlesAlerts=true, version=68.0.3440.106, browserConnectionEnabled=false, nativeEvents=true, locationContextEnabled=true, cssSelectorsEnabled=true}]
Session ID: 3925eea4635012cf973096be7d4c396a</div></div></div></div></td></tr><tr><th>Exception</th></tr><tr><td><div class="stacktrace">org.openqa.selenium.WebDriverException: unknown error: Element &lt;input value=&quot;Google Search&quot; aria-label=&quot;Google Search&quot; name=&quot;btnK&quot; type=&quot;submit&quot; jsaction=&quot;sf.chk&quot;&gt; is not clickable at point (440, 411). Other element would receive the click: &lt;b&gt;...&lt;/b&gt;
  (Session info: chrome=68.0.3440.106)
  (Driver info: chromedriver=2.41.578737 (49da6702b16031c40d63e5618de03a32ff6c197e),platform=Windows NT 10.0.17134 x86_64) (WARNING: The server did not provide any stacktrace information)
Command duration or timeout: 38 milliseconds
Build info: version: &apos;2.53.0&apos;, revision: &apos;35ae25b1534ae328c771e0856c93e187490ca824&apos;, time: &apos;2016-03-15 10:43:46&apos;
System info: host: &apos;ICPL10361&apos;, ip: &apos;10.12.41.174&apos;, os.name: &apos;Windows 10&apos;, os.arch: &apos;amd64&apos;, os.version: &apos;10.0&apos;, java.version: &apos;1.8.0_171&apos;
Driver info: com.qmetry.qaf.automation.ui.webdriver.QAFExtendedWebDriver
Capabilities [{mobileEmulationEnabled=false, hasTouchScreen=false, platform=XP, acceptSslCerts=false, goog:chromeOptions={debuggerAddress=localhost:61896}, acceptInsecureCerts=false, webStorageEnabled=true, browserName=chrome, takesScreenshot=true, javascriptEnabled=true, setWindowRect=true, unexpectedAlertBehaviour=, applicationCacheEnabled=false, rotatable=false, networkConnectionEnabled=false, chrome={chromedriverVersion=2.41.578737 (49da6702b16031c40d63e5618de03a32ff6c197e), userDataDir=C:\Users\DHEERA~1.KUM\AppData\Local\Temp\scoped_dir2740_6250}, takesHeapSnapshot=true, pageLoadStrategy=normal, databaseEnabled=false, handlesAlerts=true, version=68.0.3440.106, browserConnectionEnabled=false, nativeEvents=true, locationContextEnabled=true, cssSelectorsEnabled=true}]
Session ID: 3925eea4635012cf973096be7d4c396a
	at org.openqa.selenium.remote.ErrorHandler.createThrowable(ErrorHandler.java:206)
	at org.openqa.selenium.remote.ErrorHandler.throwIfResponseFailed(ErrorHandler.java:158)
	at org.openqa.selenium.remote.RemoteWebDriver.execute(RemoteWebDriver.java:678)
	at com.qmetry.qaf.automation.ui.webdriver.QAFExtendedWebDriver.executeWitoutLog(QAFExtendedWebDriver.java:258)
	at com.qmetry.qaf.automation.ui.webdriver.QAFExtendedWebElement.execute(QAFExtendedWebElement.java:276)
	at org.openqa.selenium.remote.RemoteWebElement.click(RemoteWebElement.java:85)
	at com.qmetry.qaf.automation.step.CommonStep.click_aroundBody38(CommonStep.java:460)
	at com.qmetry.qaf.automation.step.CommonStep$AjcClosure39.run(CommonStep.java:1)
	at com.qmetry.qaf.automation.step.JavaStepReporter$MockJavaStep.doExecute(JavaStepReporter.java:138)
	at com.qmetry.qaf.automation.step.BaseTestStep.execute(BaseTestStep.java:149)
	at com.qmetry.qaf.automation.step.JavaStepReporter.javaTestStep(JavaStepReporter.java:88)
	at com.qmetry.qaf.automation.step.CommonStep.click(CommonStep.java:459)
	at qaf.example.tests.Suite1.testGoogleSearch(Suite1.java:13)
... Removed 29 stack frames</div></td></tr></table><p class="totop"><a href="#summary">back to summary</a></p><h3 id="m2">qaf.example.tests.SampleTest#login</h3><table class="result"><tr class="param"><th>Parameter #1</th></tr><tr class="param stripe"><td>{password=pwdtest, isvalid=true, user_name=ruchita.shah@gmail.com}</td></tr><tr><th>Messages</th></tr><tr><td><div class="messages"><div style="display:block;margin-left:10px;"></div></div></td></tr></table><p class="totop"><a href="#summary">back to summary</a></p><h3 id="m3">qaf.example.tests.SampleTest#login</h3><table class="result"><tr class="param"><th>Parameter #1</th></tr><tr class="param stripe"><td>{password=wrongpwd, isvalid=false , user_name=wronguser@domain.com}</td></tr><tr><th>Messages</th></tr><tr><td><div class="messages"><div style="display:block;margin-left:10px;"></div></div></td></tr></table><p class="totop"><a href="#summary">back to summary</a></p><h3 id="m4">qaf.example.tests.SampleTest#login</h3><table class="result"><tr class="param"><th>Parameter #1</th></tr><tr class="param stripe"><td>{password=wrongpwd, isvalid=false, user_name=ruchita.shah@gmail.com}</td></tr><tr><th>Messages</th></tr><tr><td><div class="messages"><div style="display:block;margin-left:10px;"></div></div></td></tr></table><p class="totop"><a href="#summary">back to summary</a></p><h3 id="m5">qaf.example.tests.SampleTest#login</h3><table class="result"><tr class="param"><th>Parameter #1</th></tr><tr class="param stripe"><td>{password=pwdtest, isvalid=false, user_name=wronguser@domain.com}</td></tr><tr><th>Messages</th></tr><tr><td><div class="messages"><div style="display:block;margin-left:10px;"></div></div></td></tr></table><p class="totop"><a href="#summary">back to summary</a></p></body></html>