<!DOCTYPE html>

<html>
  <head>
  <meta charset='utf-8'>
  <title>TestNG reports</title>

    <link type="text/css" href="testng-reports.css" rel="stylesheet" />  
    <script type="text/javascript" src="jquery-1.7.1.min.js"></script>
    <script type="text/javascript" src="testng-reports.js"></script>
    <script type="text/javascript" src="https://www.google.com/jsapi"></script>
    <script type='text/javascript'>
      google.load('visualization', '1', {packages:['table']});
      google.setOnLoadCallback(drawTable);
      var suiteTableInitFunctions = new Array();
      var suiteTableData = new Array();
    </script>
    <!--
      <script type="text/javascript" src="jquery-ui/js/jquery-ui-1.8.16.custom.min.js"></script>
     -->
  </head>

  <body>
    <div class="top-banner-root">
      <span class="top-banner-title-font">Test results</span>
      <br/>
      <span class="top-banner-font-1">1 suite, 1 failed test</span>
    </div> <!-- top-banner-root -->
    <div class="navigator-root">
      <div class="navigator-suite-header">
        <span>All suites</span>
        <a href="#" class="collapse-all-link" title="Collapse/expand all the suites">
          <img class="collapse-all-icon" src="collapseall.gif">
          </img> <!-- collapse-all-icon -->
        </a> <!-- collapse-all-link -->
      </div> <!-- navigator-suite-header -->
      <div class="suite">
        <div class="rounded-window">
          <div class="suite-header light-rounded-window-top">
            <a href="#" class="navigator-link" panel-name="suite-QAF_Example">
              <span class="suite-name border-failed">QAF Example</span>
            </a> <!-- navigator-link -->
          </div> <!-- suite-header light-rounded-window-top -->
          <div class="navigator-suite-content">
            <div class="suite-section-title">
              <span>Info</span>
            </div> <!-- suite-section-title -->
            <div class="suite-section-content">
              <ul>
                <li>
                  <a href="#" class="navigator-link " panel-name="test-xml-QAF_Example">
                    <span>D:\Etc\qaf-example-project-skeleton\qaf-example-project\config\testrun_config.xml</span>
                  </a> <!-- navigator-link  -->
                </li>
                <li>
                  <a href="#" class="navigator-link " panel-name="testlist-QAF_Example">
                    <span class="test-stats">2 tests</span>
                  </a> <!-- navigator-link  -->
                </li>
                <li>
                  <a href="#" class="navigator-link " panel-name="group-QAF_Example">
                    <span>1 group</span>
                  </a> <!-- navigator-link  -->
                </li>
                <li>
                  <a href="#" class="navigator-link " panel-name="times-QAF_Example">
                    <span>Times</span>
                  </a> <!-- navigator-link  -->
                </li>
                <li>
                  <a href="#" class="navigator-link " panel-name="reporter-QAF_Example">
                    <span>Reporter output</span>
                  </a> <!-- navigator-link  -->
                </li>
                <li>
                  <a href="#" class="navigator-link " panel-name="ignored-methods-QAF_Example">
                    <span>Ignored methods</span>
                  </a> <!-- navigator-link  -->
                </li>
                <li>
                  <a href="#" class="navigator-link " panel-name="chronological-QAF_Example">
                    <span>Chronological view</span>
                  </a> <!-- navigator-link  -->
                </li>
              </ul>
            </div> <!-- suite-section-content -->
            <div class="result-section">
              <div class="suite-section-title">
                <span>Results</span>
              </div> <!-- suite-section-title -->
              <div class="suite-section-content">
                <ul>
                  <li>
                    <span class="method-stats">6 methods, 1 failed,   5 passed</span>
                  </li>
                  <li>
                    <span class="method-list-title failed">Failed methods</span>
                    <span class="show-or-hide-methods failed">
                      <a href="#" panel-name="suite-QAF_Example" class="hide-methods failed suite-QAF_Example"> (hide)</a> <!-- hide-methods failed suite-QAF_Example -->
                      <a href="#" panel-name="suite-QAF_Example" class="show-methods failed suite-QAF_Example"> (show)</a> <!-- show-methods failed suite-QAF_Example -->
                    </span>
                    <div class="method-list-content failed suite-QAF_Example">
                      <span>
                        <img width="3%" src="failed.png"/>
                        <a href="#" class="method navigator-link" panel-name="suite-QAF_Example" title="qaf.example.tests.Suite1" hash-for-method="testGoogleSearch">testGoogleSearch</a> <!-- method navigator-link -->
                      </span>
                      <br/>
                    </div> <!-- method-list-content failed suite-QAF_Example -->
                  </li>
                  <li>
                    <span class="method-list-title passed">Passed methods</span>
                    <span class="show-or-hide-methods passed">
                      <a href="#" panel-name="suite-QAF_Example" class="hide-methods passed suite-QAF_Example"> (hide)</a> <!-- hide-methods passed suite-QAF_Example -->
                      <a href="#" panel-name="suite-QAF_Example" class="show-methods passed suite-QAF_Example"> (show)</a> <!-- show-methods passed suite-QAF_Example -->
                    </span>
                    <div class="method-list-content passed suite-QAF_Example">
                      <span>
                        <img width="3%" src="passed.png"/>
                        <a href="#" class="method navigator-link" panel-name="suite-QAF_Example" title="com.qmetry.qaf.automation.step.client.Scenario" hash-for-method="SampleTest">SampleTest</a> <!-- method navigator-link -->
                      </span>
                      <br/>
                      <span>
                        <img width="3%" src="passed.png"/>
                        <a href="#" class="method navigator-link" panel-name="suite-QAF_Example" title="qaf.example.tests.SampleTest" hash-for-method="login({password=pwdtest, isvalid=true, user_name=ruchita.shah@gmail.com})">login({password=pwdtest, isvalid=true, user_name=ruchita.shah@gmail.com})</a> <!-- method navigator-link -->
                      </span>
                      <br/>
                      <span>
                        <img width="3%" src="passed.png"/>
                        <a href="#" class="method navigator-link" panel-name="suite-QAF_Example" title="qaf.example.tests.SampleTest" hash-for-method="login({password=wrongpwd, isvalid=false , user_name=wronguser@domain.com})">login({password=wrongpwd, isvalid=false , user_name=wronguser@domain.com})</a> <!-- method navigator-link -->
                      </span>
                      <br/>
                      <span>
                        <img width="3%" src="passed.png"/>
                        <a href="#" class="method navigator-link" panel-name="suite-QAF_Example" title="qaf.example.tests.SampleTest" hash-for-method="login({password=wrongpwd, isvalid=false, user_name=ruchita.shah@gmail.com})">login({password=wrongpwd, isvalid=false, user_name=ruchita.shah@gmail.com})</a> <!-- method navigator-link -->
                      </span>
                      <br/>
                      <span>
                        <img width="3%" src="passed.png"/>
                        <a href="#" class="method navigator-link" panel-name="suite-QAF_Example" title="qaf.example.tests.SampleTest" hash-for-method="login({password=pwdtest, isvalid=false, user_name=wronguser@domain.com})">login({password=pwdtest, isvalid=false, user_name=wronguser@domain.com})</a> <!-- method navigator-link -->
                      </span>
                      <br/>
                    </div> <!-- method-list-content passed suite-QAF_Example -->
                  </li>
                </ul>
              </div> <!-- suite-section-content -->
            </div> <!-- result-section -->
          </div> <!-- navigator-suite-content -->
        </div> <!-- rounded-window -->
      </div> <!-- suite -->
    </div> <!-- navigator-root -->
    <div class="wrapper">
      <div class="main-panel-root">
        <div panel-name="suite-QAF_Example" class="panel QAF_Example">
          <div class="suite-QAF_Example-class-failed">
            <div class="main-panel-header rounded-window-top">
              <img src="failed.png"/>
              <span class="class-name">qaf.example.tests.Suite1</span>
            </div> <!-- main-panel-header rounded-window-top -->
            <div class="main-panel-content rounded-window-bottom">
              <div class="method">
                <div class="method-content">
                  <a name="testGoogleSearch">
                  </a> <!-- testGoogleSearch -->
                  <span class="method-name">testGoogleSearch</span>
                  <div class="stack-trace">org.openqa.selenium.WebDriverException: unknown error: Element &lt;input value=&quot;Google Search&quot; aria-label=&quot;Google Search&quot; name=&quot;btnK&quot; type=&quot;submit&quot; jsaction=&quot;sf.chk&quot;&gt; is not clickable at point (440, 411). Other element would receive the click: &lt;b&gt;...&lt;/b&gt;
  (Session info: chrome=68.0.3440.106)
  (Driver info: chromedriver=2.41.578737 (49da6702b16031c40d63e5618de03a32ff6c197e),platform=Windows NT 10.0.17134 x86_64) (WARNING: The server did not provide any stacktrace information)
Command duration or timeout: 38 milliseconds
Build info: version: &apos;2.53.0&apos;, revision: &apos;35ae25b1534ae328c771e0856c93e187490ca824&apos;, time: &apos;2016-03-15 10:43:46&apos;
System info: host: &apos;ICPL10361&apos;, ip: &apos;10.12.41.174&apos;, os.name: &apos;Windows 10&apos;, os.arch: &apos;amd64&apos;, os.version: &apos;10.0&apos;, java.version: &apos;1.8.0_171&apos;
Driver info: com.qmetry.qaf.automation.ui.webdriver.QAFExtendedWebDriver
Capabilities [{mobileEmulationEnabled=false, hasTouchScreen=false, platform=XP, acceptSslCerts=false, goog:chromeOptions={debuggerAddress=localhost:61896}, acceptInsecureCerts=false, webStorageEnabled=true, browserName=chrome, takesScreenshot=true, javascriptEnabled=true, setWindowRect=true, unexpectedAlertBehaviour=, applicationCacheEnabled=false, rotatable=false, networkConnectionEnabled=false, chrome={chromedriverVersion=2.41.578737 (49da6702b16031c40d63e5618de03a32ff6c197e), userDataDir=C:\Users\DHEERA~1.KUM\AppData\Local\Temp\scoped_dir2740_6250}, takesHeapSnapshot=true, pageLoadStrategy=normal, databaseEnabled=false, handlesAlerts=true, version=68.0.3440.106, browserConnectionEnabled=false, nativeEvents=true, locationContextEnabled=true, cssSelectorsEnabled=true}]
Session ID: 3925eea4635012cf973096be7d4c396a
	at org.openqa.selenium.remote.ErrorHandler.createThrowable(ErrorHandler.java:206)
	at org.openqa.selenium.remote.ErrorHandler.throwIfResponseFailed(ErrorHandler.java:158)
	at org.openqa.selenium.remote.RemoteWebDriver.execute(RemoteWebDriver.java:678)
	at com.qmetry.qaf.automation.ui.webdriver.QAFExtendedWebDriver.executeWitoutLog(QAFExtendedWebDriver.java:258)
	at com.qmetry.qaf.automation.ui.webdriver.QAFExtendedWebElement.execute(QAFExtendedWebElement.java:276)
	at org.openqa.selenium.remote.RemoteWebElement.click(RemoteWebElement.java:85)
	at com.qmetry.qaf.automation.step.CommonStep.click_aroundBody38(CommonStep.java:460)
	at com.qmetry.qaf.automation.step.CommonStep$AjcClosure39.run(CommonStep.java:1)
	at com.qmetry.qaf.automation.step.JavaStepReporter$MockJavaStep.doExecute(JavaStepReporter.java:138)
	at com.qmetry.qaf.automation.step.BaseTestStep.execute(BaseTestStep.java:149)
	at com.qmetry.qaf.automation.step.JavaStepReporter.javaTestStep(JavaStepReporter.java:88)
	at com.qmetry.qaf.automation.step.CommonStep.click(CommonStep.java:459)
	at qaf.example.tests.Suite1.testGoogleSearch(Suite1.java:13)
... Removed 29 stack frames
</div> <!-- stack-trace -->
                  <em>
(Sample Test Scenario)                  </em>
                </div> <!-- method-content -->
              </div> <!-- method -->
            </div> <!-- main-panel-content rounded-window-bottom -->
          </div> <!-- suite-QAF_Example-class-failed -->
          <div class="suite-QAF_Example-class-passed">
            <div class="main-panel-header rounded-window-top">
              <img src="passed.png"/>
              <span class="class-name">qaf.example.tests.SampleTest</span>
            </div> <!-- main-panel-header rounded-window-top -->
            <div class="main-panel-content rounded-window-bottom">
              <div class="method">
                <div class="method-content">
                  <a name="login({password=pwdtest, isvalid=true, user_name=ruchita.shah@gmail.com})">
                  </a> <!-- login({password=pwdtest, isvalid=true, user_name=ruchita.shah@gmail.com}) -->
                  <span class="method-name">login</span>
                  <span class="parameters">({password=pwdtest, isvalid=true, user_name=ruchita.shah@gmail.com})</span>
                  <em>
(data fetching test for csv file)                  </em>
                </div> <!-- method-content -->
              </div> <!-- method -->
              <div class="method">
                <div class="method-content">
                  <a name="login({password=wrongpwd, isvalid=false , user_name=wronguser@domain.com})">
                  </a> <!-- login({password=wrongpwd, isvalid=false , user_name=wronguser@domain.com}) -->
                  <span class="method-name">login</span>
                  <span class="parameters">({password=wrongpwd, isvalid=false , user_name=wronguser@domain.com})</span>
                  <em>
(data fetching test for csv file)                  </em>
                </div> <!-- method-content -->
              </div> <!-- method -->
              <div class="method">
                <div class="method-content">
                  <a name="login({password=wrongpwd, isvalid=false, user_name=ruchita.shah@gmail.com})">
                  </a> <!-- login({password=wrongpwd, isvalid=false, user_name=ruchita.shah@gmail.com}) -->
                  <span class="method-name">login</span>
                  <span class="parameters">({password=wrongpwd, isvalid=false, user_name=ruchita.shah@gmail.com})</span>
                  <em>
(data fetching test for csv file)                  </em>
                </div> <!-- method-content -->
              </div> <!-- method -->
              <div class="method">
                <div class="method-content">
                  <a name="login({password=pwdtest, isvalid=false, user_name=wronguser@domain.com})">
                  </a> <!-- login({password=pwdtest, isvalid=false, user_name=wronguser@domain.com}) -->
                  <span class="method-name">login</span>
                  <span class="parameters">({password=pwdtest, isvalid=false, user_name=wronguser@domain.com})</span>
                  <em>
(data fetching test for csv file)                  </em>
                </div> <!-- method-content -->
              </div> <!-- method -->
            </div> <!-- main-panel-content rounded-window-bottom -->
          </div> <!-- suite-QAF_Example-class-passed -->
          <div class="suite-QAF_Example-class-passed">
            <div class="main-panel-header rounded-window-top">
              <img src="passed.png"/>
              <span class="class-name">com.qmetry.qaf.automation.step.client.Scenario</span>
            </div> <!-- main-panel-header rounded-window-top -->
            <div class="main-panel-content rounded-window-bottom">
              <div class="method">
                <div class="method-content">
                  <a name="SampleTest">
                  </a> <!-- SampleTest -->
                  <span class="method-name">SampleTest</span>
                  <em>
(Sample Test Scenario)                  </em>
                </div> <!-- method-content -->
              </div> <!-- method -->
            </div> <!-- main-panel-content rounded-window-bottom -->
          </div> <!-- suite-QAF_Example-class-passed -->
        </div> <!-- panel QAF_Example -->
        <div panel-name="test-xml-QAF_Example" class="panel">
          <div class="main-panel-header rounded-window-top">
            <span class="header-content">D:\Etc\qaf-example-project-skeleton\qaf-example-project\config\testrun_config.xml</span>
          </div> <!-- main-panel-header rounded-window-top -->
          <div class="main-panel-content rounded-window-bottom">
            <pre>
&lt;?xml version=&quot;1.0&quot; encoding=&quot;UTF-8&quot;?&gt;
&lt;!DOCTYPE suite SYSTEM &quot;http://testng.org/testng-1.0.dtd&quot;&gt;
&lt;suite guice-stage=&quot;DEVELOPMENT&quot; verbose=&quot;0&quot; name=&quot;QAF Example&quot;&gt;
  &lt;test name=&quot;BDD Test&quot;&gt;
    &lt;method-selectors&gt;
      &lt;method-selector&gt;
        &lt;selector-class name=&quot;com.qmetry.qaf.automation.testng.pro.QAFMethodSelector&quot; priority=&quot;1&quot;/&gt;
      &lt;/method-selector&gt;
    &lt;/method-selectors&gt;
    &lt;classes&gt;
      &lt;class name=&quot;com.qmetry.qaf.automation.step.client.text.BDDTestFactory&quot;/&gt;
    &lt;/classes&gt;
  &lt;/test&gt; &lt;!-- BDD Test --&gt;
  &lt;test name=&quot;JAVA Test&quot;&gt;
    &lt;method-selectors&gt;
      &lt;method-selector&gt;
        &lt;selector-class name=&quot;com.qmetry.qaf.automation.testng.pro.QAFMethodSelector&quot; priority=&quot;1&quot;/&gt;
      &lt;/method-selector&gt;
    &lt;/method-selectors&gt;
    &lt;packages&gt;
      &lt;package name=&quot;qaf.example.tests&quot;/&gt;
    &lt;/packages&gt;
    &lt;classes&gt;
      &lt;class name=&quot;qaf.example.tests.SampleTest&quot;/&gt;
      &lt;class name=&quot;qaf.example.tests.Suite1&quot;/&gt;
    &lt;/classes&gt;
  &lt;/test&gt; &lt;!-- JAVA Test --&gt;
&lt;/suite&gt; &lt;!-- QAF Example --&gt;
            </pre>
          </div> <!-- main-panel-content rounded-window-bottom -->
        </div> <!-- panel -->
        <div panel-name="testlist-QAF_Example" class="panel">
          <div class="main-panel-header rounded-window-top">
            <span class="header-content">Tests for QAF Example</span>
          </div> <!-- main-panel-header rounded-window-top -->
          <div class="main-panel-content rounded-window-bottom">
            <ul>
              <li>
                <span class="test-name">BDD Test (1 class)</span>
              </li>
              <li>
                <span class="test-name">JAVA Test (2 classes)</span>
              </li>
            </ul>
          </div> <!-- main-panel-content rounded-window-bottom -->
        </div> <!-- panel -->
        <div panel-name="group-QAF_Example" class="panel">
          <div class="main-panel-header rounded-window-top">
            <span class="header-content">Groups for QAF Example</span>
          </div> <!-- main-panel-header rounded-window-top -->
          <div class="main-panel-content rounded-window-bottom">
            <div class="test-group">
              <span class="test-group-name">SMOKE</span>
              <br/>
              <div class="method-in-group">
                <span class="method-in-group-name">SampleTest</span>
                <br/>
              </div> <!-- method-in-group -->
              <div class="method-in-group">
                <span class="method-in-group-name">testGoogleSearch</span>
                <br/>
              </div> <!-- method-in-group -->
            </div> <!-- test-group -->
          </div> <!-- main-panel-content rounded-window-bottom -->
        </div> <!-- panel -->
        <div panel-name="times-QAF_Example" class="panel">
          <div class="main-panel-header rounded-window-top">
            <span class="header-content">Times for QAF Example</span>
          </div> <!-- main-panel-header rounded-window-top -->
          <div class="main-panel-content rounded-window-bottom">
            <div class="times-div">
              <script type="text/javascript">
suiteTableInitFunctions.push('tableData_QAF_Example');
function tableData_QAF_Example() {
var data = new google.visualization.DataTable();
data.addColumn('number', 'Number');
data.addColumn('string', 'Method');
data.addColumn('string', 'Class');
data.addColumn('number', 'Time (ms)');
data.addRows(6);
data.setCell(0, 0, 0)
data.setCell(0, 1, 'SampleTest')
data.setCell(0, 2, 'com.qmetry.qaf.automation.step.client.Scenario')
data.setCell(0, 3, 7276);
data.setCell(1, 0, 1)
data.setCell(1, 1, 'testGoogleSearch')
data.setCell(1, 2, 'qaf.example.tests.Suite1')
data.setCell(1, 3, 4340);
data.setCell(2, 0, 2)
data.setCell(2, 1, 'login')
data.setCell(2, 2, 'qaf.example.tests.SampleTest')
data.setCell(2, 3, 4);
data.setCell(3, 0, 3)
data.setCell(3, 1, 'login')
data.setCell(3, 2, 'qaf.example.tests.SampleTest')
data.setCell(3, 3, 2);
data.setCell(4, 0, 4)
data.setCell(4, 1, 'login')
data.setCell(4, 2, 'qaf.example.tests.SampleTest')
data.setCell(4, 3, 1);
data.setCell(5, 0, 5)
data.setCell(5, 1, 'login')
data.setCell(5, 2, 'qaf.example.tests.SampleTest')
data.setCell(5, 3, 1);
window.suiteTableData['QAF_Example']= { tableData: data, tableDiv: 'times-div-QAF_Example'}
return data;
}
              </script>
              <span class="suite-total-time">Total running time: 11 seconds</span>
              <div id="times-div-QAF_Example">
              </div> <!-- times-div-QAF_Example -->
            </div> <!-- times-div -->
          </div> <!-- main-panel-content rounded-window-bottom -->
        </div> <!-- panel -->
        <div panel-name="reporter-QAF_Example" class="panel">
          <div class="main-panel-header rounded-window-top">
            <span class="header-content">Reporter output for QAF Example</span>
          </div> <!-- main-panel-header rounded-window-top -->
          <div class="main-panel-content rounded-window-bottom">
            <div class="reporter-method-div">
              <span class="reporter-method-name">SampleTest</span>
              <div class="reporter-method-output-div">
                <span class="reporter-method-output"><div style="display:block;margin-left:10px;"><div  class="teststeppass"><span class="teststeppass-label">T </span>Given get '/'</div><div  class="teststeppass"><span class="teststeppass-label">T </span>When sendKeys 'Git reporsitory QAF' into 'txt.searchbox'</div><div  class="teststeppass"><span class="teststeppass-label">T </span>And click on 'btn.search'</div><div  class="teststeppass"><span class="teststeppass-label">T </span>Then verify link with partial text 'GitHub' is present</div><div style="display:block;margin-left:10px;"><div  class="pass"><span class="pass-label">P </span>Expected By.partialLinkText: GitHub present : Actual By.partialLinkText: GitHub present <a href="../img/SampleTest_c01f7tebh5sb36927.png" target="_blank">[View Screenshot]</a> </div></div></div></span>
              </div> <!-- reporter-method-output-div -->
            </div> <!-- reporter-method-div -->
            <div class="reporter-method-div">
              <span class="reporter-method-name">login({password=pwdtest, isvalid=true, user_name=ruchita.shah@gmail.com})</span>
              <div class="reporter-method-output-div">
                <span class="reporter-method-output"><div style="display:block;margin-left:10px;"></div></span>
              </div> <!-- reporter-method-output-div -->
            </div> <!-- reporter-method-div -->
            <div class="reporter-method-div">
              <span class="reporter-method-name">login({password=wrongpwd, isvalid=false , user_name=wronguser@domain.com})</span>
              <div class="reporter-method-output-div">
                <span class="reporter-method-output"><div style="display:block;margin-left:10px;"></div></span>
              </div> <!-- reporter-method-output-div -->
            </div> <!-- reporter-method-div -->
            <div class="reporter-method-div">
              <span class="reporter-method-name">login({password=wrongpwd, isvalid=false, user_name=ruchita.shah@gmail.com})</span>
              <div class="reporter-method-output-div">
                <span class="reporter-method-output"><div style="display:block;margin-left:10px;"></div></span>
              </div> <!-- reporter-method-output-div -->
            </div> <!-- reporter-method-div -->
            <div class="reporter-method-div">
              <span class="reporter-method-name">login({password=pwdtest, isvalid=false, user_name=wronguser@domain.com})</span>
              <div class="reporter-method-output-div">
                <span class="reporter-method-output"><div style="display:block;margin-left:10px;"></div></span>
              </div> <!-- reporter-method-output-div -->
            </div> <!-- reporter-method-div -->
            <div class="reporter-method-div">
              <span class="reporter-method-name">testGoogleSearch</span>
              <div class="reporter-method-output-div">
                <span class="reporter-method-output"><div style="display:block;margin-left:10px;"><div  class="teststeppass"><span class="teststeppass-label">T </span>get '/'</div><div  class="teststeppass"><span class="teststeppass-label">T </span>sendKeys 'Git repository QAF' into 'txt.searchbox'</div><div  class="teststepfail"><span class="teststepfail-label">T </span>click on 'btn.search' <a href="../img/TestGoogleSearch_14ncnqskk4k0736928.png" target="_blank">[View Screenshot]</a> </div><div style="display:block;margin-left:10px;"><div  class="fail"><span class="fail-label">F </span>org.openqa.selenium.WebDriverException: unknown error: Element <input value="Google Search" aria-label="Google Search" name="btnK" type="submit" jsaction="sf.chk"> is not clickable at point (440, 411). Other element would receive the click: <b>...</b>
  (Session info: chrome=68.0.3440.106)
  (Driver info: chromedriver=2.41.578737 (49da6702b16031c40d63e5618de03a32ff6c197e),platform=Windows NT 10.0.17134 x86_64) (WARNING: The server did not provide any stacktrace information)
Command duration or timeout: 38 milliseconds
Build info: version: '2.53.0', revision: '35ae25b1534ae328c771e0856c93e187490ca824', time: '2016-03-15 10:43:46'
System info: host: 'ICPL10361', ip: '10.12.41.174', os.name: 'Windows 10', os.arch: 'amd64', os.version: '10.0', java.version: '1.8.0_171'
Driver info: com.qmetry.qaf.automation.ui.webdriver.QAFExtendedWebDriver
Capabilities [{mobileEmulationEnabled=false, hasTouchScreen=false, platform=XP, acceptSslCerts=false, goog:chromeOptions={debuggerAddress=localhost:61896}, acceptInsecureCerts=false, webStorageEnabled=true, browserName=chrome, takesScreenshot=true, javascriptEnabled=true, setWindowRect=true, unexpectedAlertBehaviour=, applicationCacheEnabled=false, rotatable=false, networkConnectionEnabled=false, chrome={chromedriverVersion=2.41.578737 (49da6702b16031c40d63e5618de03a32ff6c197e), userDataDir=C:\Users\DHEERA~1.KUM\AppData\Local\Temp\scoped_dir2740_6250}, takesHeapSnapshot=true, pageLoadStrategy=normal, databaseEnabled=false, handlesAlerts=true, version=68.0.3440.106, browserConnectionEnabled=false, nativeEvents=true, locationContextEnabled=true, cssSelectorsEnabled=true}]
Session ID: 3925eea4635012cf973096be7d4c396a</div></div></div></span>
              </div> <!-- reporter-method-output-div -->
            </div> <!-- reporter-method-div -->
          </div> <!-- main-panel-content rounded-window-bottom -->
        </div> <!-- panel -->
        <div panel-name="ignored-methods-QAF_Example" class="panel">
          <div class="main-panel-header rounded-window-top">
            <span class="header-content">5 ignored methods</span>
          </div> <!-- main-panel-header rounded-window-top -->
          <div class="main-panel-content rounded-window-bottom">
            <div class="ignored-class-div">
              <span class="ignored-class-name">qaf.example.tests.SampleTest</span>
              <div class="ignored-methods-div">
                <span class="ignored-method-name">testGoogleSearch</span>
                <br/>
              </div> <!-- ignored-methods-div -->
            </div> <!-- ignored-class-div -->
            <div class="ignored-class-div">
              <span class="ignored-class-name">qaf.example.tests.Suite1</span>
              <div class="ignored-methods-div">
                <span class="ignored-method-name">setupTest</span>
                <br/>
                <span class="ignored-method-name">setupSuit</span>
                <br/>
                <span class="ignored-method-name">afterSuit</span>
                <br/>
                <span class="ignored-method-name">afterTest</span>
                <br/>
              </div> <!-- ignored-methods-div -->
            </div> <!-- ignored-class-div -->
          </div> <!-- main-panel-content rounded-window-bottom -->
        </div> <!-- panel -->
        <div panel-name="chronological-QAF_Example" class="panel">
          <div class="main-panel-header rounded-window-top">
            <span class="header-content">Methods in chronological order</span>
          </div> <!-- main-panel-header rounded-window-top -->
          <div class="main-panel-content rounded-window-bottom">
            <div class="chronological-class">
              <div class="chronological-class-name">qaf.example.tests.SampleTest</div> <!-- chronological-class-name -->
              <div class="configuration-suite before">
                <span class="method-name">setupSuit(org.testng.TestRunner@5af97850)</span>
                <span class="method-start">0 ms</span>
              </div> <!-- configuration-suite before -->
            </div> <!-- chronological-class -->
            <div class="chronological-class">
              <div class="chronological-class-name">com.qmetry.qaf.automation.step.client.Scenario</div> <!-- chronological-class-name -->
              <div class="configuration-test before">
                <span class="method-name">setupTest(org.testng.TestRunner@50a7bc6e)</span>
                <span class="method-start">33 ms</span>
              </div> <!-- configuration-test before -->
              <div class="configuration-class before">
                <span class="method-name">setup(org.testng.TestRunner@50a7bc6e)</span>
                <span class="method-start">39 ms</span>
              </div> <!-- configuration-class before -->
              <div class="configuration-method before">
                <span class="method-name">setupMethod(public void com.qmetry.qaf.automation.step.client.Scenario.scenario(), org.testng.TestRunner@50a7bc6...)</span>
                <span class="method-start">49 ms</span>
              </div> <!-- configuration-method before -->
              <div class="test-method">
                <span class="method-name">SampleTest</span>
                <span class="method-start">51 ms</span>
              </div> <!-- test-method -->
              <div class="configuration-method after">
                <span class="method-name">afterMethod(org.testng.TestRunner@50a7bc6e, [TestResult name=SampleTest status=SUCCESS method=scenarios.suite1.b...)</span>
                <span class="method-start">7343 ms</span>
              </div> <!-- configuration-method after -->
              <div class="configuration-class after">
                <span class="method-name">afterClass(org.testng.TestRunner@50a7bc6e)</span>
                <span class="method-start">7344 ms</span>
              </div> <!-- configuration-class after -->
              <div class="configuration-test after">
                <span class="method-name">afterTest(org.testng.TestRunner@50a7bc6e)</span>
                <span class="method-start">7345 ms</span>
              </div> <!-- configuration-test after -->
            </div> <!-- chronological-class -->
            <div class="chronological-class">
              <div class="chronological-class-name">qaf.example.tests.SampleTest</div> <!-- chronological-class-name -->
              <div class="configuration-test before">
                <span class="method-name">setupTest(org.testng.TestRunner@5af97850)</span>
                <span class="method-start">7469 ms</span>
              </div> <!-- configuration-test before -->
              <div class="configuration-class before">
                <span class="method-name">setup(org.testng.TestRunner@5af97850)</span>
                <span class="method-start">7473 ms</span>
              </div> <!-- configuration-class before -->
              <div class="configuration-method before">
                <span class="method-name">setupMethod(public void qaf.example.tests.SampleTest.login(java.util.Map), org.testng.TestRunner@5af97850)</span>
                <span class="method-start">7484 ms</span>
              </div> <!-- configuration-method before -->
              <div class="test-method">
                <span class="method-name">login({password=pwdtest, isvalid=true, user_name=ruchita.shah@gmail.com})</span>
                <span class="method-start">7486 ms</span>
              </div> <!-- test-method -->
              <div class="configuration-method after">
                <span class="method-name">afterMethod(org.testng.TestRunner@5af97850, [TestResult name=login status=SUCCESS method=SampleTest.login(java.u...)</span>
                <span class="method-start">7502 ms</span>
              </div> <!-- configuration-method after -->
              <div class="configuration-method before">
                <span class="method-name">setupMethod(public void qaf.example.tests.SampleTest.login(java.util.Map), org.testng.TestRunner@5af97850)</span>
                <span class="method-start">7503 ms</span>
              </div> <!-- configuration-method before -->
              <div class="test-method">
                <span class="method-name">login({password=wrongpwd, isvalid=false, user_name=ruchita.shah@gmail.com})</span>
                <span class="method-start">7504 ms</span>
              </div> <!-- test-method -->
              <div class="configuration-method after">
                <span class="method-name">afterMethod(org.testng.TestRunner@5af97850, [TestResult name=login status=SUCCESS method=SampleTest.login(java.u...)</span>
                <span class="method-start">7521 ms</span>
              </div> <!-- configuration-method after -->
              <div class="configuration-method before">
                <span class="method-name">setupMethod(public void qaf.example.tests.SampleTest.login(java.util.Map), org.testng.TestRunner@5af97850)</span>
                <span class="method-start">7522 ms</span>
              </div> <!-- configuration-method before -->
              <div class="test-method">
                <span class="method-name">login({password=pwdtest, isvalid=false, user_name=wronguser@domain.com})</span>
                <span class="method-start">7523 ms</span>
              </div> <!-- test-method -->
              <div class="configuration-method after">
                <span class="method-name">afterMethod(org.testng.TestRunner@5af97850, [TestResult name=login status=SUCCESS method=SampleTest.login(java.u...)</span>
                <span class="method-start">7539 ms</span>
              </div> <!-- configuration-method after -->
              <div class="configuration-method before">
                <span class="method-name">setupMethod(public void qaf.example.tests.SampleTest.login(java.util.Map), org.testng.TestRunner@5af97850)</span>
                <span class="method-start">7540 ms</span>
              </div> <!-- configuration-method before -->
              <div class="test-method">
                <span class="method-name">login({password=wrongpwd, isvalid=false , user_name=wronguser@domain.com})</span>
                <span class="method-start">7541 ms</span>
              </div> <!-- test-method -->
              <div class="configuration-method after">
                <span class="method-name">afterMethod(org.testng.TestRunner@5af97850, [TestResult name=login status=SUCCESS method=SampleTest.login(java.u...)</span>
                <span class="method-start">7568 ms</span>
              </div> <!-- configuration-method after -->
              <div class="configuration-class after">
                <span class="method-name">afterClass(org.testng.TestRunner@5af97850)</span>
                <span class="method-start">7571 ms</span>
              </div> <!-- configuration-class after -->
            </div> <!-- chronological-class -->
            <div class="chronological-class">
              <div class="chronological-class-name">qaf.example.tests.Suite1</div> <!-- chronological-class-name -->
              <div class="configuration-class before">
                <span class="method-name">setup(org.testng.TestRunner@5af97850)</span>
                <span class="method-start">7577 ms</span>
              </div> <!-- configuration-class before -->
              <div class="configuration-method before">
                <span class="method-name">setupMethod(public void qaf.example.tests.Suite1.testGoogleSearch(), org.testng.TestRunner@5af97850)</span>
                <span class="method-start">7578 ms</span>
              </div> <!-- configuration-method before -->
              <div class="test-method">
                <img src="failed.png">
                </img>
                <span class="method-name">testGoogleSearch</span>
                <span class="method-start">7582 ms</span>
              </div> <!-- test-method -->
              <div class="configuration-method after">
                <span class="method-name">afterMethod(org.testng.TestRunner@5af97850, [TestResult name=testGoogleSearch status=FAILURE method=Suite1.testG...)</span>
                <span class="method-start">12227 ms</span>
              </div> <!-- configuration-method after -->
              <div class="configuration-class after">
                <span class="method-name">afterClass(org.testng.TestRunner@5af97850)</span>
                <span class="method-start">12228 ms</span>
              </div> <!-- configuration-class after -->
            </div> <!-- chronological-class -->
            <div class="chronological-class">
              <div class="chronological-class-name">qaf.example.tests.SampleTest</div> <!-- chronological-class-name -->
              <div class="configuration-test after">
                <span class="method-name">afterTest(org.testng.TestRunner@5af97850)</span>
                <span class="method-start">12229 ms</span>
              </div> <!-- configuration-test after -->
              <div class="configuration-suite after">
                <span class="method-name">afterSuit(org.testng.TestRunner@5af97850)</span>
                <span class="method-start">12308 ms</span>
              </div> <!-- configuration-suite after -->
          </div> <!-- main-panel-content rounded-window-bottom -->
        </div> <!-- panel -->
      </div> <!-- main-panel-root -->
    </div> <!-- wrapper -->
  </body>
</html>
