<?xml version="1.0" encoding="UTF-8"?>
<testng-results skipped="0" failed="1" ignored="0" total="1" passed="0">
  <reporter-output>
    <line>
      <![CDATA[<div style="display:block;margin-left:10px;"><div  class="teststeppass"><span class="teststeppass-label">T </span>Given I open the nest application</div><div  class="teststeppass"><span class="teststeppass-label">T </span>When I login with 'abc1234' and password 'Test1234'</div><div style="display:block;margin-left:10px;"><div  class="teststeppass"><span class="teststeppass-label">T </span>sendKeys 'abc1234' into 'login.username.txtBx'</div><div  class="teststeppass"><span class="teststeppass-label">T </span>sendKeys 'Test1234' into 'login.password.txtBx'</div><div  class="teststeppass"><span class="teststeppass-label">T </span>click on 'login.submit.Btn'</div></div><div  class="teststepfail"><span class="teststepfail-label">T </span>Then It should be on homepage <a href="../img/NestTestPractice_z8zen5mjy00x16735.png" target="_blank">[View Screenshot]</a> </div><div style="display:block;margin-left:10px;"><div  class="teststepfail"><span class="teststepfail-label">T </span>assert 'home.logo.img' is present</div><div style="display:block;margin-left:10px;"><div  class="fail"><span class="fail-label">F </span>Expected By.xpath: //img[@class='logo_placement'] present : Actual By.xpath: //img[@class='logo_placement'] not present <a href="../img/NestTestPractice_13bo7ijz66grv16734.png" target="_blank">[View Screenshot]</a> </div><div  class="fail"><span class="fail-label">F </span>java.lang.AssertionError</div></div><div  class="fail"><span class="fail-label">F </span>null</div></div></div>]]>
    </line>
  </reporter-output>
  <suite name="QAF Example" duration-ms="15967" started-at="2018-09-06T11:31:06Z" finished-at="2018-09-06T11:31:22Z">
    <groups>
      <group name="SMOKE">
        <method signature="scenarios.nest-suite.bdd.nestTestPractice()[pri:1000, instance:com.qmetry.qaf.automation.step.client.Scenario@3e8]" name="nestTestPractice" class="com.qmetry.qaf.automation.step.client.Scenario"/>
      </group> <!-- SMOKE -->
    </groups>
    <test name="BDD Test" duration-ms="15928" started-at="2018-09-06T11:31:06Z" finished-at="2018-09-06T11:31:22Z">
      <class name="com.qmetry.qaf.automation.step.client.Scenario">
        <test-method status="PASS" signature="setupTest(org.testng.ITestContext)[pri:0, instance:com.qmetry.qaf.automation.step.client.Scenario@3e8]" test-instance-name="nestTestPractice" name="setupTest" is-config="true" duration-ms="3" started-at="2018-09-06T17:01:06Z" finished-at="2018-09-06T17:01:06Z">
          <params>
            <param index="0">
              <value>
                <![CDATA[org.testng.TestRunner@3b2da18f]]>
              </value>
            </param>
          </params>
          <reporter-output>
          </reporter-output>
        </test-method> <!-- setupTest -->
        <test-method status="PASS" signature="setup(org.testng.ITestContext)[pri:0, instance:com.qmetry.qaf.automation.step.client.Scenario@3e8]" test-instance-name="nestTestPractice" name="setup" is-config="true" duration-ms="1" started-at="2018-09-06T17:01:06Z" finished-at="2018-09-06T17:01:06Z">
          <params>
            <param index="0">
              <value>
                <![CDATA[org.testng.TestRunner@3b2da18f]]>
              </value>
            </param>
          </params>
          <reporter-output>
          </reporter-output>
        </test-method> <!-- setup -->
        <test-method status="PASS" signature="setupMethod(java.lang.reflect.Method, org.testng.ITestContext)[pri:0, instance:com.qmetry.qaf.automation.step.client.Scenario@3e8]" test-instance-name="nestTestPractice" name="setupMethod" is-config="true" duration-ms="1" started-at="2018-09-06T17:01:06Z" finished-at="2018-09-06T17:01:06Z">
          <params>
            <param index="0">
              <value>
                <![CDATA[public void com.qmetry.qaf.automation.step.client.Scenario.scenario()]]>
              </value>
            </param>
            <param index="1">
              <value>
                <![CDATA[org.testng.TestRunner@3b2da18f]]>
              </value>
            </param>
          </params>
          <reporter-output>
          </reporter-output>
        </test-method> <!-- setupMethod -->
        <test-method status="FAIL" signature="nestTestPractice()[pri:1000, instance:com.qmetry.qaf.automation.step.client.Scenario@3e8]" test-instance-name="nestTestPractice" name="nestTestPractice" duration-ms="15509" started-at="2018-09-06T17:01:06Z" description="nest Login Test" finished-at="2018-09-06T17:01:22Z">
          <exception class="java.lang.AssertionError">
            <full-stacktrace>
              <![CDATA[java.lang.AssertionError
	at .Then It should be on homepage(scenarios/nest-suite.bdd:5)
	at com.qmetry.qaf.automation.ui.webdriver.QAFExtendedWebElement.assertPresent(QAFExtendedWebElement.java:1019)
	at com.qmetry.qaf.automation.step.CommonStep.assertPresent_aroundBody8(CommonStep.java:142)
	at com.qmetry.qaf.automation.step.JavaStepReporter$MockJavaStep.doExecute(JavaStepReporter.java:138)
	at com.qmetry.qaf.automation.step.BaseTestStep.execute(BaseTestStep.java:149)
	at com.qmetry.qaf.automation.step.JavaStepReporter.javaTestStep(JavaStepReporter.java:88)
	at com.qmetry.qaf.automation.step.CommonStep.assertPresent(CommonStep.java:141)
	at com.nest.automation.steps.Loginsteps.verifyLogin_aroundBody4(Loginsteps.java:23)
	at com.qmetry.qaf.automation.step.JavaStepReporter.javaTestStep(JavaStepReporter.java:101)
	at com.nest.automation.steps.Loginsteps.verifyLogin(Loginsteps.java:22)
	at com.qmetry.qaf.automation.step.JavaStep.doExecute(JavaStep.java:159)
	at com.qmetry.qaf.automation.step.BaseTestStep.execute(BaseTestStep.java:149)
	at com.qmetry.qaf.automation.step.StringTestStep.execute(StringTestStep.java:134)
	at com.qmetry.qaf.automation.step.client.Scenario.execute(Scenario.java:173)
	at com.qmetry.qaf.automation.step.client.Scenario.scenario(Scenario.java:225)
]]>
            </full-stacktrace>
          </exception> <!-- java.lang.AssertionError -->
          <reporter-output>
            <line>
              <![CDATA[<div style="display:block;margin-left:10px;"><div  class="teststeppass"><span class="teststeppass-label">T </span>Given I open the nest application</div><div  class="teststeppass"><span class="teststeppass-label">T </span>When I login with 'abc1234' and password 'Test1234'</div><div style="display:block;margin-left:10px;"><div  class="teststeppass"><span class="teststeppass-label">T </span>sendKeys 'abc1234' into 'login.username.txtBx'</div><div  class="teststeppass"><span class="teststeppass-label">T </span>sendKeys 'Test1234' into 'login.password.txtBx'</div><div  class="teststeppass"><span class="teststeppass-label">T </span>click on 'login.submit.Btn'</div></div><div  class="teststepfail"><span class="teststepfail-label">T </span>Then It should be on homepage <a href="../img/NestTestPractice_z8zen5mjy00x16735.png" target="_blank">[View Screenshot]</a> </div><div style="display:block;margin-left:10px;"><div  class="teststepfail"><span class="teststepfail-label">T </span>assert 'home.logo.img' is present</div><div style="display:block;margin-left:10px;"><div  class="fail"><span class="fail-label">F </span>Expected By.xpath: //img[@class='logo_placement'] present : Actual By.xpath: //img[@class='logo_placement'] not present <a href="../img/NestTestPractice_13bo7ijz66grv16734.png" target="_blank">[View Screenshot]</a> </div><div  class="fail"><span class="fail-label">F </span>java.lang.AssertionError</div></div><div  class="fail"><span class="fail-label">F </span>null</div></div></div>]]>
            </line>
          </reporter-output>
        </test-method> <!-- nestTestPractice -->
        <test-method status="PASS" signature="afterMethod(org.testng.ITestContext, org.testng.ITestResult)[pri:0, instance:com.qmetry.qaf.automation.step.client.Scenario@3e8]" test-instance-name="nestTestPractice" name="afterMethod" is-config="true" duration-ms="1" started-at="2018-09-06T17:01:22Z" finished-at="2018-09-06T17:01:22Z">
          <params>
            <param index="0">
              <value>
                <![CDATA[org.testng.TestRunner@3b2da18f]]>
              </value>
            </param>
            <param index="1">
              <value>
                <![CDATA[[TestResult name=nestTestPractice status=FAILURE method=scenarios.nest-suite.bdd.nestTestPractice()[pri:1000, instance:com.qmetry.qaf.automation.step.client.Scenario@3e8] output=<div style="display:block;margin-left:10px;"><div  class="teststeppass"><span class="teststeppass-label">T </span>Given I open the nest application</div><div  class="teststeppass"><span class="teststeppass-label">T </span>When I login with 'abc1234' and password 'Test1234'</div><div style="display:block;margin-left:10px;"><div  class="teststeppass"><span class="teststeppass-label">T </span>sendKeys 'abc1234' into 'login.username.txtBx'</div><div  class="teststeppass"><span class="teststeppass-label">T </span>sendKeys 'Test1234' into 'login.password.txtBx'</div><div  class="teststeppass"><span class="teststeppass-label">T </span>click on 'login.submit.Btn'</div></div><div  class="teststepfail"><span class="teststepfail-label">T </span>Then It should be on homepage <a href="../img/NestTestPractice_z8zen5mjy00x16735.png" target="_blank">[View Screenshot]</a> </div><div style="display:block;margin-left:10px;"><div  class="teststepfail"><span class="teststepfail-label">T </span>assert 'home.logo.img' is present</div><div style="display:block;margin-left:10px;"><div  class="fail"><span class="fail-label">F </span>Expected By.xpath: //img[@class='logo_placement'] present : Actual By.xpath: //img[@class='logo_placement'] not present <a href="../img/NestTestPractice_13bo7ijz66grv16734.png" target="_blank">[View Screenshot]</a> </div><div  class="fail"><span class="fail-label">F </span>java.lang.AssertionError</div></div><div  class="fail"><span class="fail-label">F </span>null</div></div></div>]]]>
              </value>
            </param>
          </params>
          <reporter-output>
          </reporter-output>
        </test-method> <!-- afterMethod -->
        <test-method status="PASS" signature="afterClass(org.testng.ITestContext)[pri:0, instance:com.qmetry.qaf.automation.step.client.Scenario@3e8]" test-instance-name="nestTestPractice" name="afterClass" is-config="true" duration-ms="0" started-at="2018-09-06T17:01:22Z" finished-at="2018-09-06T17:01:22Z">
          <params>
            <param index="0">
              <value>
                <![CDATA[org.testng.TestRunner@3b2da18f]]>
              </value>
            </param>
          </params>
          <reporter-output>
          </reporter-output>
        </test-method> <!-- afterClass -->
        <test-method status="PASS" signature="afterTest(org.testng.ITestContext)[pri:0, instance:com.qmetry.qaf.automation.step.client.Scenario@3e8]" test-instance-name="nestTestPractice" name="afterTest" is-config="true" duration-ms="63" started-at="2018-09-06T17:01:22Z" finished-at="2018-09-06T17:01:22Z">
          <params>
            <param index="0">
              <value>
                <![CDATA[org.testng.TestRunner@3b2da18f]]>
              </value>
            </param>
          </params>
          <reporter-output>
          </reporter-output>
        </test-method> <!-- afterTest -->
      </class> <!-- com.qmetry.qaf.automation.step.client.Scenario -->
    </test> <!-- BDD Test -->
    <test name="JAVA Test" duration-ms="0" started-at="2018-09-06T11:31:22Z" finished-at="2018-09-06T11:31:22Z">
      <class name="com.qmetry.qaf.automation.step.client.Scenario">
        <test-method status="PASS" signature="setupSuit(org.testng.ITestContext)[pri:0, instance:com.qmetry.qaf.automation.step.client.Scenario@3e8]" test-instance-name="nestTestPractice" name="setupSuit" is-config="true" duration-ms="18" started-at="2018-09-06T17:01:06Z" finished-at="2018-09-06T17:01:06Z">
          <params>
            <param index="0">
              <value>
                <![CDATA[org.testng.TestRunner@48524010]]>
              </value>
            </param>
          </params>
          <reporter-output>
          </reporter-output>
        </test-method> <!-- setupSuit -->
        <test-method status="PASS" signature="afterSuit(org.testng.ITestContext)[pri:0, instance:com.qmetry.qaf.automation.step.client.Scenario@3e8]" test-instance-name="nestTestPractice" name="afterSuit" is-config="true" duration-ms="2" started-at="2018-09-06T17:01:22Z" finished-at="2018-09-06T17:01:22Z">
          <params>
            <param index="0">
              <value>
                <![CDATA[org.testng.TestRunner@48524010]]>
              </value>
            </param>
          </params>
          <reporter-output>
          </reporter-output>
        </test-method> <!-- afterSuit -->
      </class> <!-- com.qmetry.qaf.automation.step.client.Scenario -->
    </test> <!-- JAVA Test -->
  </suite> <!-- QAF Example -->
</testng-results>
