{
  "seleniumLog": [
    {
      "commandName": "get",
      "args": [
        "[/]"
      ],
      "result": "fail",
      "subLogs": [
        {
          "commandName": "get",
          "args": [
            "{url=http://10.12.40.86/nest_security_testing/}"
          ],
          "result": "chrome not reachable\n  (Session info: chrome=68.0.3440.106)\n  (Driver info: chromedriver=2.41.578737 (49da6702b16031c40d63e5618de03a32ff6c197e),platform=Windows NT 10.0.17134 x86_64) (WARNING: The server did not provide any stacktrace information)\nCommand duration or timeout: 6.02 seconds\nBuild info: version: '2.53.0', revision: '35ae25b1534ae328c771e0856c93e187490ca824', time: '2016-03-15 10:43:46'\nSystem info: host: 'ICPL10361', ip: '10.12.41.174', os.name: 'Windows 10', os.arch: 'amd64', os.version: '10.0', java.version: '1.8.0_181'\nDriver info: com.qmetry.qaf.automation.ui.webdriver.QAFExtendedWebDriver\nCapabilities [{mobileEmulationEnabled=false, hasTouchScreen=false, platform=XP, acceptSslCerts=false, goog:chromeOptions={debuggerAddress=localhost:56802}, acceptInsecureCerts=false, webStorageEnabled=true, browserName=chrome, takesScreenshot=true, javascriptEnabled=true, setWindowRect=true, unexpectedAlertBehaviour=, applicationCacheEnabled=false, rotatable=false, networkConnectionEnabled=false, chrome={chromedriverVersion=2.41.578737 (49da6702b16031c40d63e5618de03a32ff6c197e), userDataDir=C:\\Users\\DHEERA~1.KUM\\AppData\\Local\\Temp\\scoped_dir12704_21264}, takesHeapSnapshot=true, pageLoadStrategy=normal, databaseEnabled=false, handlesAlerts=true, version=68.0.3440.106, browserConnectionEnabled=false, nativeEvents=true, locationContextEnabled=true, cssSelectorsEnabled=true}]\nSession ID: 45b96aa2af0139a905f13eeebe2447ee",
          "subLogs": [],
          "duration": 6016
        }
      ],
      "duration": -1
    }
  ],
  "checkPoints": [
    {
      "message": "get '/'",
      "type": "TestStepFail",
      "screenshot": "",
      "duration": 6020,
      "threshold": 0,
      "subCheckPoints": [
        {
          "message": "org.openqa.selenium.WebDriverException: chrome not reachable\n  (Session info: chrome=68.0.3440.106)\n  (Driver info: chromedriver=2.41.578737 (49da6702b16031c40d63e5618de03a32ff6c197e),platform=Windows NT 10.0.17134 x86_64) (WARNING: The server did not provide any stacktrace information)\nCommand duration or timeout: 6.02 seconds\nBuild info: version: '2.53.0', revision: '35ae25b1534ae328c771e0856c93e187490ca824', time: '2016-03-15 10:43:46'\nSystem info: host: 'ICPL10361', ip: '10.12.41.174', os.name: 'Windows 10', os.arch: 'amd64', os.version: '10.0', java.version: '1.8.0_181'\nDriver info: com.qmetry.qaf.automation.ui.webdriver.QAFExtendedWebDriver\nCapabilities [{mobileEmulationEnabled=false, hasTouchScreen=false, platform=XP, acceptSslCerts=false, goog:chromeOptions={debuggerAddress=localhost:56802}, acceptInsecureCerts=false, webStorageEnabled=true, browserName=chrome, takesScreenshot=true, javascriptEnabled=true, setWindowRect=true, unexpectedAlertBehaviour=, applicationCacheEnabled=false, rotatable=false, networkConnectionEnabled=false, chrome={chromedriverVersion=2.41.578737 (49da6702b16031c40d63e5618de03a32ff6c197e), userDataDir=C:\\Users\\DHEERA~1.KUM\\AppData\\Local\\Temp\\scoped_dir12704_21264}, takesHeapSnapshot=true, pageLoadStrategy=normal, databaseEnabled=false, handlesAlerts=true, version=68.0.3440.106, browserConnectionEnabled=false, nativeEvents=true, locationContextEnabled=true, cssSelectorsEnabled=true}]\nSession ID: 45b96aa2af0139a905f13eeebe2447ee",
          "type": "Fail",
          "duration": 0,
          "threshold": 0,
          "subCheckPoints": []
        }
      ]
    }
  ],
  "errorTrace": "org.openqa.selenium.WebDriverException: chrome not reachable\n  (Session info: chrome=68.0.3440.106)\n  (Driver info: chromedriver=2.41.578737 (49da6702b16031c40d63e5618de03a32ff6c197e),platform=Windows NT 10.0.17134 x86_64) (WARNING: The server did not provide any stacktrace information)\nCommand duration or timeout: 6.02 seconds\nBuild info: version: '2.53.0', revision: '35ae25b1534ae328c771e0856c93e187490ca824', time: '2016-03-15 10:43:46'\nSystem info: host: 'ICPL10361', ip: '10.12.41.174', os.name: 'Windows 10', os.arch: 'amd64', os.version: '10.0', java.version: '1.8.0_181'\nDriver info: com.qmetry.qaf.automation.ui.webdriver.QAFExtendedWebDriver\nCapabilities [{mobileEmulationEnabled=false, hasTouchScreen=false, platform=XP, acceptSslCerts=false, goog:chromeOptions={debuggerAddress=localhost:56802}, acceptInsecureCerts=false, webStorageEnabled=true, browserName=chrome, takesScreenshot=true, javascriptEnabled=true, setWindowRect=true, unexpectedAlertBehaviour=, applicationCacheEnabled=false, rotatable=false, networkConnectionEnabled=false, chrome={chromedriverVersion=2.41.578737 (49da6702b16031c40d63e5618de03a32ff6c197e), userDataDir=C:\\Users\\DHEERA~1.KUM\\AppData\\Local\\Temp\\scoped_dir12704_21264}, takesHeapSnapshot=true, pageLoadStrategy=normal, databaseEnabled=false, handlesAlerts=true, version=68.0.3440.106, browserConnectionEnabled=false, nativeEvents=true, locationContextEnabled=true, cssSelectorsEnabled=true}]\nSession ID: 45b96aa2af0139a905f13eeebe2447ee\r\n\tat sun.reflect.NativeConstructorAccessorImpl.newInstance0(Native Method)\r\n\tat sun.reflect.NativeConstructorAccessorImpl.newInstance(Unknown Source)\r\n\tat sun.reflect.DelegatingConstructorAccessorImpl.newInstance(Unknown Source)\r\n\tat java.lang.reflect.Constructor.newInstance(Unknown Source)\r\n\tat org.openqa.selenium.remote.ErrorHandler.createThrowable(ErrorHandler.java:206)\r\n\tat org.openqa.selenium.remote.ErrorHandler.throwIfResponseFailed(ErrorHandler.java:158)\r\n\tat org.openqa.selenium.remote.RemoteWebDriver.execute(RemoteWebDriver.java:678)\r\n\tat com.qmetry.qaf.automation.ui.webdriver.QAFExtendedWebDriver.execute(QAFExtendedWebDriver.java:236)\r\n\tat org.openqa.selenium.remote.RemoteWebDriver.get(RemoteWebDriver.java:316)\r\n\tat com.qmetry.qaf.automation.step.CommonStep.get_aroundBody24(CommonStep.java:304)\r\n\tat com.qmetry.qaf.automation.step.CommonStep$AjcClosure25.run(CommonStep.java:1)\r\n\tat org.aspectj.runtime.reflect.JoinPointImpl.proceed(JoinPointImpl.java:149)\r\n\tat com.qmetry.qaf.automation.step.JavaStepReporter$MockJavaStep.doExecute(JavaStepReporter.java:138)\r\n\tat com.qmetry.qaf.automation.step.BaseTestStep.execute(BaseTestStep.java:149)\r\n\tat com.qmetry.qaf.automation.step.JavaStepReporter.javaTestStep(JavaStepReporter.java:88)\r\n\tat com.qmetry.qaf.automation.step.CommonStep.get(CommonStep.java:303)\r\n\tat qaf.example.tests.Suite2.testGoogleSearch(Suite2.java:11)\r\n\tat sun.reflect.NativeMethodAccessorImpl.invoke0(Native Method)\r\n\tat sun.reflect.NativeMethodAccessorImpl.invoke(Unknown Source)\r\n\tat sun.reflect.DelegatingMethodAccessorImpl.invoke(Unknown Source)\r\n\tat java.lang.reflect.Method.invoke(Unknown Source)\r\n\tat org.testng.internal.MethodInvocationHelper.invokeMethod(MethodInvocationHelper.java:104)\r\n\tat org.testng.internal.Invoker.invokeMethod(Invoker.java:645)\r\n\tat org.testng.internal.Invoker.invokeTestMethod(Invoker.java:851)\r\n\tat org.testng.internal.Invoker.invokeTestMethods(Invoker.java:1177)\r\n\tat org.testng.internal.TestMethodWorker.invokeTestMethods(TestMethodWorker.java:129)\r\n\tat org.testng.internal.TestMethodWorker.run(TestMethodWorker.java:112)\r\n\tat org.testng.TestRunner.privateRun(TestRunner.java:781)\r\n\tat org.testng.TestRunner.run(TestRunner.java:635)\r\n\tat org.testng.SuiteRunner.runTest(SuiteRunner.java:387)\r\n\tat org.testng.SuiteRunner.runSequentially(SuiteRunner.java:382)\r\n\tat org.testng.SuiteRunner.privateRun(SuiteRunner.java:340)\r\n\tat org.testng.SuiteRunner.run(SuiteRunner.java:289)\r\n\tat org.testng.SuiteRunnerWorker.runSuite(SuiteRunnerWorker.java:52)\r\n\tat org.testng.SuiteRunnerWorker.run(SuiteRunnerWorker.java:86)\r\n\tat org.testng.TestNG.runSuitesSequentially(TestNG.java:1293)\r\n\tat org.testng.TestNG.runSuitesLocally(TestNG.java:1218)\r\n\tat org.testng.TestNG.runSuites(TestNG.java:1133)\r\n\tat org.testng.TestNG.run(TestNG.java:1104)\r\n\tat org.testng.TestNG.privateMain(TestNG.java:1434)\r\n\tat org.testng.TestNG.main(TestNG.java:1403)\r\n"
}