<?xml version="1.0" encoding="UTF-8"?>
<testng-results skipped="1" failed="2" ignored="4" total="7" passed="0">
  <reporter-output>
    <line>
      <![CDATA[<div style="display:block;margin-left:10px;"><div  class="warn"><span class="warn-label">W </span>Given I open the nest application :: Not Found.</div><div  class="teststep"><span class="teststep-label">T </span>When I login with username 'abc1234' and password 'Test1234'</div><div  class="teststep"><span class="teststep-label">T </span>Then It should be on homepage</div></div>]]>
    </line>
    <line>
      <![CDATA[<div style="display:block;margin-left:10px;"><div  class="teststeppass"><span class="teststeppass-label">T </span>get '/'</div><div  class="teststepfail"><span class="teststepfail-label">T </span>sendKeys 'Git repository QAF' into 'txt.searchbox' <a href="../img/TestGoogleSearch_1tkamqpygh65j54986.png" target="_blank">[View Screenshot]</a> </div><div style="display:block;margin-left:10px;"><div  class="fail"><span class="fail-label">F </span>org.openqa.selenium.TimeoutException: Timed out after 10 seconds waiting for presence of element located by: By.name: q
Build info: version: '2.53.0', revision: '35ae25b1534ae328c771e0856c93e187490ca824', time: '2016-03-15 10:43:46'
System info: host: 'ICPL10361', ip: '10.12.41.174', os.name: 'Windows 10', os.arch: 'amd64', os.version: '10.0', java.version: '1.8.0_181'
Driver info: driver.version: QAFExtendedWebDriver</div></div></div>]]>
    </line>
    <line>
      <![CDATA[<div style="display:block;margin-left:10px;"><div  class="teststeppass"><span class="teststeppass-label">T </span>get '/'</div><div  class="teststepfail"><span class="teststepfail-label">T </span>sendKeys 'Git Repository QAF' into 'txt.searchbox' <a href="../img/TestGoogleSearch_17b50ilqjqjg254987.png" target="_blank">[View Screenshot]</a> </div><div style="display:block;margin-left:10px;"><div  class="fail"><span class="fail-label">F </span>org.openqa.selenium.TimeoutException: Timed out after 10 seconds waiting for presence of element located by: By.name: q
Build info: version: '2.53.0', revision: '35ae25b1534ae328c771e0856c93e187490ca824', time: '2016-03-15 10:43:46'
System info: host: 'ICPL10361', ip: '10.12.41.174', os.name: 'Windows 10', os.arch: 'amd64', os.version: '10.0', java.version: '1.8.0_181'
Driver info: driver.version: QAFExtendedWebDriver</div></div></div>]]>
    </line>
  </reporter-output>
  <suite name="QAF Example" duration-ms="26772" started-at="2018-09-06T10:38:00Z" finished-at="2018-09-06T10:38:27Z">
    <groups>
      <group name="SMOKE">
        <method signature="scenarios.nest-suite.bdd.nestTestPractice()[pri:1000, instance:com.qmetry.qaf.automation.step.client.Scenario@3e8]" name="nestTestPractice" class="com.qmetry.qaf.automation.step.client.Scenario"/>
        <method signature="Suite1.testGoogleSearch()[pri:0, instance:qaf.example.tests.Suite1@7364985f]" name="testGoogleSearch" class="qaf.example.tests.Suite1"/>
        <method signature="Suite2.testGoogleSearch()[pri:0, instance:qaf.example.tests.Suite2@5d20e46]" name="testGoogleSearch" class="qaf.example.tests.Suite2"/>
      </group> <!-- SMOKE -->
    </groups>
    <test name="BDD Test" duration-ms="261" started-at="2018-09-06T10:38:00Z" finished-at="2018-09-06T10:38:00Z">
      <class name="com.qmetry.qaf.automation.step.client.Scenario">
        <test-method status="PASS" signature="setupTest(org.testng.ITestContext)[pri:0, instance:com.qmetry.qaf.automation.step.client.Scenario@3e8]" test-instance-name="nestTestPractice" name="setupTest" is-config="true" duration-ms="1" started-at="2018-09-06T16:08:00Z" finished-at="2018-09-06T16:08:00Z">
          <params>
            <param index="0">
              <value>
                <![CDATA[org.testng.TestRunner@3c87521]]>
              </value>
            </param>
          </params>
          <reporter-output>
          </reporter-output>
        </test-method> <!-- setupTest -->
        <test-method status="PASS" signature="setup(org.testng.ITestContext)[pri:0, instance:com.qmetry.qaf.automation.step.client.Scenario@3e8]" test-instance-name="nestTestPractice" name="setup" is-config="true" duration-ms="1" started-at="2018-09-06T16:08:00Z" finished-at="2018-09-06T16:08:00Z">
          <params>
            <param index="0">
              <value>
                <![CDATA[org.testng.TestRunner@3c87521]]>
              </value>
            </param>
          </params>
          <reporter-output>
          </reporter-output>
        </test-method> <!-- setup -->
        <test-method status="PASS" signature="setupMethod(java.lang.reflect.Method, org.testng.ITestContext)[pri:0, instance:com.qmetry.qaf.automation.step.client.Scenario@3e8]" test-instance-name="nestTestPractice" name="setupMethod" is-config="true" duration-ms="1" started-at="2018-09-06T16:08:00Z" finished-at="2018-09-06T16:08:00Z">
          <params>
            <param index="0">
              <value>
                <![CDATA[public void com.qmetry.qaf.automation.step.client.Scenario.scenario()]]>
              </value>
            </param>
            <param index="1">
              <value>
                <![CDATA[org.testng.TestRunner@3c87521]]>
              </value>
            </param>
          </params>
          <reporter-output>
          </reporter-output>
        </test-method> <!-- setupMethod -->
        <test-method status="SKIP" signature="nestTestPractice()[pri:1000, instance:com.qmetry.qaf.automation.step.client.Scenario@3e8]" test-instance-name="nestTestPractice" name="nestTestPractice" duration-ms="217" started-at="2018-09-06T16:08:00Z" description="nest Login Test" finished-at="2018-09-06T16:08:00Z">
          <exception class="com.qmetry.qaf.automation.step.StepNotFoundException">
            <message>
              <![CDATA[Given I open the nest application@scenarios/nest-suite.bdd#3 TestStep implementation not found. 
 Please provide implementation or ensure 'step.provider.pkg' property value includes appropriate package.]]>
            </message>
            <full-stacktrace>
              <![CDATA[com.qmetry.qaf.automation.step.StepNotFoundException: Given I open the nest application@scenarios/nest-suite.bdd#3 TestStep implementation not found. 
 Please provide implementation or ensure 'step.provider.pkg' property value includes appropriate package.
	at .Given I open the nest application(scenarios/nest-suite.bdd:3)
]]>
            </full-stacktrace>
          </exception> <!-- com.qmetry.qaf.automation.step.StepNotFoundException -->
          <reporter-output>
            <line>
              <![CDATA[<div style="display:block;margin-left:10px;"><div  class="warn"><span class="warn-label">W </span>Given I open the nest application :: Not Found.</div><div  class="teststep"><span class="teststep-label">T </span>When I login with username 'abc1234' and password 'Test1234'</div><div  class="teststep"><span class="teststep-label">T </span>Then It should be on homepage</div></div>]]>
            </line>
          </reporter-output>
        </test-method> <!-- nestTestPractice -->
        <test-method status="PASS" signature="afterMethod(org.testng.ITestContext, org.testng.ITestResult)[pri:0, instance:com.qmetry.qaf.automation.step.client.Scenario@3e8]" test-instance-name="nestTestPractice" name="afterMethod" is-config="true" duration-ms="2" started-at="2018-09-06T16:08:00Z" finished-at="2018-09-06T16:08:00Z">
          <params>
            <param index="0">
              <value>
                <![CDATA[org.testng.TestRunner@3c87521]]>
              </value>
            </param>
            <param index="1">
              <value>
                <![CDATA[[TestResult name=nestTestPractice status=SKIP method=scenarios.nest-suite.bdd.nestTestPractice()[pri:1000, instance:com.qmetry.qaf.automation.step.client.Scenario@3e8] output=<div style="display:block;margin-left:10px;"><div  class="warn"><span class="warn-label">W </span>Given I open the nest application :: Not Found.</div><div  class="teststep"><span class="teststep-label">T </span>When I login with username 'abc1234' and password 'Test1234'</div><div  class="teststep"><span class="teststep-label">T </span>Then It should be on homepage</div></div>]]]>
              </value>
            </param>
          </params>
          <reporter-output>
          </reporter-output>
        </test-method> <!-- afterMethod -->
        <test-method status="PASS" signature="afterClass(org.testng.ITestContext)[pri:0, instance:com.qmetry.qaf.automation.step.client.Scenario@3e8]" test-instance-name="nestTestPractice" name="afterClass" is-config="true" duration-ms="3" started-at="2018-09-06T16:08:00Z" finished-at="2018-09-06T16:08:00Z">
          <params>
            <param index="0">
              <value>
                <![CDATA[org.testng.TestRunner@3c87521]]>
              </value>
            </param>
          </params>
          <reporter-output>
          </reporter-output>
        </test-method> <!-- afterClass -->
        <test-method status="PASS" signature="afterTest(org.testng.ITestContext)[pri:0, instance:com.qmetry.qaf.automation.step.client.Scenario@3e8]" test-instance-name="nestTestPractice" name="afterTest" is-config="true" duration-ms="1" started-at="2018-09-06T16:08:00Z" finished-at="2018-09-06T16:08:00Z">
          <params>
            <param index="0">
              <value>
                <![CDATA[org.testng.TestRunner@3c87521]]>
              </value>
            </param>
          </params>
          <reporter-output>
          </reporter-output>
        </test-method> <!-- afterTest -->
      </class> <!-- com.qmetry.qaf.automation.step.client.Scenario -->
    </test> <!-- BDD Test -->
    <test name="JAVA Test" duration-ms="26475" started-at="2018-09-06T10:38:00Z" finished-at="2018-09-06T10:38:27Z">
      <class name="qaf.example.tests.Suite1">
        <test-method status="PASS" signature="setupSuit(org.testng.ITestContext)[pri:0, instance:qaf.example.tests.Suite1@7364985f]" name="setupSuit" is-config="true" duration-ms="21" started-at="2018-09-06T16:08:00Z" finished-at="2018-09-06T16:08:00Z">
          <params>
            <param index="0">
              <value>
                <![CDATA[org.testng.TestRunner@12d3a4e9]]>
              </value>
            </param>
          </params>
          <reporter-output>
          </reporter-output>
        </test-method> <!-- setupSuit -->
        <test-method status="PASS" signature="setupTest(org.testng.ITestContext)[pri:0, instance:qaf.example.tests.Suite1@7364985f]" name="setupTest" is-config="true" duration-ms="1" started-at="2018-09-06T16:08:00Z" finished-at="2018-09-06T16:08:00Z">
          <params>
            <param index="0">
              <value>
                <![CDATA[org.testng.TestRunner@12d3a4e9]]>
              </value>
            </param>
          </params>
          <reporter-output>
          </reporter-output>
        </test-method> <!-- setupTest -->
        <test-method status="PASS" signature="setup(org.testng.ITestContext)[pri:0, instance:qaf.example.tests.Suite1@7364985f]" name="setup" is-config="true" duration-ms="1" started-at="2018-09-06T16:08:00Z" finished-at="2018-09-06T16:08:00Z">
          <params>
            <param index="0">
              <value>
                <![CDATA[org.testng.TestRunner@12d3a4e9]]>
              </value>
            </param>
          </params>
          <reporter-output>
          </reporter-output>
        </test-method> <!-- setup -->
        <test-method status="PASS" signature="setupMethod(java.lang.reflect.Method, org.testng.ITestContext)[pri:0, instance:qaf.example.tests.Suite1@7364985f]" name="setupMethod" is-config="true" duration-ms="1" started-at="2018-09-06T16:08:00Z" finished-at="2018-09-06T16:08:00Z">
          <params>
            <param index="0">
              <value>
                <![CDATA[public void qaf.example.tests.Suite1.testGoogleSearch()]]>
              </value>
            </param>
            <param index="1">
              <value>
                <![CDATA[org.testng.TestRunner@12d3a4e9]]>
              </value>
            </param>
          </params>
          <reporter-output>
          </reporter-output>
        </test-method> <!-- setupMethod -->
        <test-method status="FAIL" signature="testGoogleSearch()[pri:0, instance:qaf.example.tests.Suite1@7364985f]" name="testGoogleSearch" duration-ms="14756" started-at="2018-09-06T16:08:00Z" description="Sample Test Scenario" finished-at="2018-09-06T16:08:15Z">
          <exception class="org.openqa.selenium.TimeoutException">
            <message>
              <![CDATA[Timed out after 10 seconds waiting for presence of element located by: By.name: q
Build info: version: '2.53.0', revision: '35ae25b1534ae328c771e0856c93e187490ca824', time: '2016-03-15 10:43:46'
System info: host: 'ICPL10361', ip: '10.12.41.174', os.name: 'Windows 10', os.arch: 'amd64', os.version: '10.0', java.version: '1.8.0_181'
Driver info: driver.version: QAFExtendedWebDriver]]>
            </message>
            <full-stacktrace>
              <![CDATA[org.openqa.selenium.TimeoutException: Timed out after 10 seconds waiting for presence of element located by: By.name: q
Build info: version: '2.53.0', revision: '35ae25b1534ae328c771e0856c93e187490ca824', time: '2016-03-15 10:43:46'
System info: host: 'ICPL10361', ip: '10.12.41.174', os.name: 'Windows 10', os.arch: 'amd64', os.version: '10.0', java.version: '1.8.0_181'
Driver info: driver.version: QAFExtendedWebDriver
	at com.qmetry.qaf.automation.ui.util.DynamicWait.until(DynamicWait.java:170)
	at com.qmetry.qaf.automation.ui.webdriver.QAFExtendedWebDriver.load(QAFExtendedWebDriver.java:216)
	at com.qmetry.qaf.automation.ui.webdriver.QAFExtendedWebElement.load(QAFExtendedWebElement.java:299)
	at com.qmetry.qaf.automation.ui.webdriver.QAFExtendedWebElement.execute(QAFExtendedWebElement.java:250)
	at org.openqa.selenium.remote.RemoteWebElement.sendKeys(RemoteWebElement.java:122)
	at com.qmetry.qaf.automation.step.CommonStep.sendKeys_aroundBody6(CommonStep.java:119)
	at com.qmetry.qaf.automation.step.CommonStep$AjcClosure7.run(CommonStep.java:1)
	at org.aspectj.runtime.reflect.JoinPointImpl.proceed(JoinPointImpl.java:149)
	at com.qmetry.qaf.automation.step.JavaStepReporter$MockJavaStep.doExecute(JavaStepReporter.java:138)
	at com.qmetry.qaf.automation.step.BaseTestStep.execute(BaseTestStep.java:149)
	at com.qmetry.qaf.automation.step.JavaStepReporter.javaTestStep(JavaStepReporter.java:88)
	at com.qmetry.qaf.automation.step.CommonStep.sendKeys(CommonStep.java:118)
	at qaf.example.tests.Suite1.testGoogleSearch(Suite1.java:12)
	at sun.reflect.NativeMethodAccessorImpl.invoke0(Native Method)
	at sun.reflect.NativeMethodAccessorImpl.invoke(Unknown Source)
	at sun.reflect.DelegatingMethodAccessorImpl.invoke(Unknown Source)
	at java.lang.reflect.Method.invoke(Unknown Source)
	at org.testng.internal.MethodInvocationHelper.invokeMethod(MethodInvocationHelper.java:104)
	at org.testng.internal.Invoker.invokeMethod(Invoker.java:645)
	at org.testng.internal.Invoker.invokeTestMethod(Invoker.java:851)
	at org.testng.internal.Invoker.invokeTestMethods(Invoker.java:1177)
	at org.testng.internal.TestMethodWorker.invokeTestMethods(TestMethodWorker.java:129)
	at org.testng.internal.TestMethodWorker.run(TestMethodWorker.java:112)
	at org.testng.TestRunner.privateRun(TestRunner.java:781)
	at org.testng.TestRunner.run(TestRunner.java:635)
	at org.testng.SuiteRunner.runTest(SuiteRunner.java:387)
	at org.testng.SuiteRunner.runSequentially(SuiteRunner.java:382)
	at org.testng.SuiteRunner.privateRun(SuiteRunner.java:340)
	at org.testng.SuiteRunner.run(SuiteRunner.java:289)
	at org.testng.SuiteRunnerWorker.runSuite(SuiteRunnerWorker.java:52)
	at org.testng.SuiteRunnerWorker.run(SuiteRunnerWorker.java:86)
	at org.testng.TestNG.runSuitesSequentially(TestNG.java:1293)
	at org.testng.TestNG.runSuitesLocally(TestNG.java:1218)
	at org.testng.TestNG.runSuites(TestNG.java:1133)
	at org.testng.TestNG.run(TestNG.java:1104)
	at org.testng.TestNG.privateMain(TestNG.java:1434)
	at org.testng.TestNG.main(TestNG.java:1403)
Caused by: org.openqa.selenium.NoSuchElementException: no such element: Unable to locate element: {"method":"name","selector":"q"}
  (Session info: chrome=68.0.3440.106)
  (Driver info: chromedriver=2.41.578737 (49da6702b16031c40d63e5618de03a32ff6c197e),platform=Windows NT 10.0.17134 x86_64) (WARNING: The server did not provide any stacktrace information)
Command duration or timeout: 14 milliseconds
For documentation on this error, please visit: http://seleniumhq.org/exceptions/no_such_element.html
Build info: version: '2.53.0', revision: '35ae25b1534ae328c771e0856c93e187490ca824', time: '2016-03-15 10:43:46'
System info: host: 'ICPL10361', ip: '10.12.41.174', os.name: 'Windows 10', os.arch: 'amd64', os.version: '10.0', java.version: '1.8.0_181'
Driver info: com.qmetry.qaf.automation.ui.webdriver.QAFExtendedWebDriver
Capabilities [{mobileEmulationEnabled=false, hasTouchScreen=false, platform=XP, acceptSslCerts=false, goog:chromeOptions={debuggerAddress=localhost:56514}, acceptInsecureCerts=false, webStorageEnabled=true, browserName=chrome, takesScreenshot=true, javascriptEnabled=true, setWindowRect=true, unexpectedAlertBehaviour=, applicationCacheEnabled=false, rotatable=false, networkConnectionEnabled=false, chrome={chromedriverVersion=2.41.578737 (49da6702b16031c40d63e5618de03a32ff6c197e), userDataDir=C:\Users\DHEERA~1.KUM\AppData\Local\Temp\scoped_dir8708_26673}, takesHeapSnapshot=true, pageLoadStrategy=normal, databaseEnabled=false, handlesAlerts=true, version=68.0.3440.106, browserConnectionEnabled=false, nativeEvents=true, locationContextEnabled=true, cssSelectorsEnabled=true}]
Session ID: 0031715279323f4d076db52356c6a8f2
*** Element info: {Using=name, value=q}
	at sun.reflect.NativeConstructorAccessorImpl.newInstance0(Native Method)
	at sun.reflect.NativeConstructorAccessorImpl.newInstance(Unknown Source)
	at sun.reflect.DelegatingConstructorAccessorImpl.newInstance(Unknown Source)
	at java.lang.reflect.Constructor.newInstance(Unknown Source)
	at org.openqa.selenium.remote.ErrorHandler.createThrowable(ErrorHandler.java:206)
	at org.openqa.selenium.remote.ErrorHandler.throwIfResponseFailed(ErrorHandler.java:158)
	at org.openqa.selenium.remote.RemoteWebDriver.execute(RemoteWebDriver.java:678)
	at com.qmetry.qaf.automation.ui.webdriver.QAFExtendedWebDriver.execute(QAFExtendedWebDriver.java:236)
	at org.openqa.selenium.remote.RemoteWebDriver.findElement(RemoteWebDriver.java:363)
	at org.openqa.selenium.remote.RemoteWebDriver.findElementByName(RemoteWebDriver.java:461)
	at com.qmetry.qaf.automation.ui.webdriver.QAFExtendedWebDriver.findElementByName(QAFExtendedWebDriver.java:385)
	at com.qmetry.qaf.automation.ui.webdriver.QAFExtendedWebDriver.findElementByName(QAFExtendedWebDriver.java:1)
	at org.openqa.selenium.By$ByName.findElement(By.java:303)
	at org.openqa.selenium.remote.RemoteWebDriver.findElement(RemoteWebDriver.java:355)
	at com.qmetry.qaf.automation.ui.webdriver.QAFExtendedWebDriver.findElement(QAFExtendedWebDriver.java:171)
	at com.qmetry.qaf.automation.ui.webdriver.QAFExtendedWebDriver.findElement(QAFExtendedWebDriver.java:1)
	at org.openqa.selenium.support.ui.ExpectedConditions.findElement(ExpectedConditions.java:899)
	at org.openqa.selenium.support.ui.ExpectedConditions.access$000(ExpectedConditions.java:41)
	at org.openqa.selenium.support.ui.ExpectedConditions$6.apply(ExpectedConditions.java:181)
	at org.openqa.selenium.support.ui.ExpectedConditions$6.apply(ExpectedConditions.java:178)
	at com.qmetry.qaf.automation.ui.util.DynamicWait.until(DynamicWait.java:149)
	... 36 more
]]>
            </full-stacktrace>
          </exception> <!-- org.openqa.selenium.TimeoutException -->
          <reporter-output>
            <line>
              <![CDATA[<div style="display:block;margin-left:10px;"><div  class="teststeppass"><span class="teststeppass-label">T </span>get '/'</div><div  class="teststepfail"><span class="teststepfail-label">T </span>sendKeys 'Git repository QAF' into 'txt.searchbox' <a href="../img/TestGoogleSearch_1tkamqpygh65j54986.png" target="_blank">[View Screenshot]</a> </div><div style="display:block;margin-left:10px;"><div  class="fail"><span class="fail-label">F </span>org.openqa.selenium.TimeoutException: Timed out after 10 seconds waiting for presence of element located by: By.name: q
Build info: version: '2.53.0', revision: '35ae25b1534ae328c771e0856c93e187490ca824', time: '2016-03-15 10:43:46'
System info: host: 'ICPL10361', ip: '10.12.41.174', os.name: 'Windows 10', os.arch: 'amd64', os.version: '10.0', java.version: '1.8.0_181'
Driver info: driver.version: QAFExtendedWebDriver</div></div></div>]]>
            </line>
          </reporter-output>
        </test-method> <!-- testGoogleSearch -->
        <test-method status="PASS" signature="afterMethod(org.testng.ITestContext, org.testng.ITestResult)[pri:0, instance:qaf.example.tests.Suite1@7364985f]" name="afterMethod" is-config="true" duration-ms="1" started-at="2018-09-06T16:08:15Z" finished-at="2018-09-06T16:08:15Z">
          <params>
            <param index="0">
              <value>
                <![CDATA[org.testng.TestRunner@12d3a4e9]]>
              </value>
            </param>
            <param index="1">
              <value>
                <![CDATA[[TestResult name=testGoogleSearch status=FAILURE method=Suite1.testGoogleSearch()[pri:0, instance:qaf.example.tests.Suite1@7364985f] output=<div style="display:block;margin-left:10px;"><div  class="teststeppass"><span class="teststeppass-label">T </span>get '/'</div><div  class="teststepfail"><span class="teststepfail-label">T </span>sendKeys 'Git repository QAF' into 'txt.searchbox' <a href="../img/TestGoogleSearch_1tkamqpygh65j54986.png" target="_blank">[View Screenshot]</a> </div><div style="display:block;margin-left:10px;"><div  class="fail"><span class="fail-label">F </span>org.openqa.selenium.TimeoutException: Timed out after 10 seconds waiting for presence of element located by: By.name: q
Build info: version: '2.53.0', revision: '35ae25b1534ae328c771e0856c93e187490ca824', time: '2016-03-15 10:43:46'
System info: host: 'ICPL10361', ip: '10.12.41.174', os.name: 'Windows 10', os.arch: 'amd64', os.version: '10.0', java.version: '1.8.0_181'
Driver info: driver.version: QAFExtendedWebDriver</div></div></div>]]]>
              </value>
            </param>
          </params>
          <reporter-output>
          </reporter-output>
        </test-method> <!-- afterMethod -->
        <test-method status="PASS" signature="afterClass(org.testng.ITestContext)[pri:0, instance:qaf.example.tests.Suite1@7364985f]" name="afterClass" is-config="true" duration-ms="2" started-at="2018-09-06T16:08:15Z" finished-at="2018-09-06T16:08:15Z">
          <params>
            <param index="0">
              <value>
                <![CDATA[org.testng.TestRunner@12d3a4e9]]>
              </value>
            </param>
          </params>
          <reporter-output>
          </reporter-output>
        </test-method> <!-- afterClass -->
        <test-method status="PASS" signature="afterTest(org.testng.ITestContext)[pri:0, instance:qaf.example.tests.Suite1@7364985f]" name="afterTest" is-config="true" duration-ms="50" started-at="2018-09-06T16:08:26Z" finished-at="2018-09-06T16:08:27Z">
          <params>
            <param index="0">
              <value>
                <![CDATA[org.testng.TestRunner@12d3a4e9]]>
              </value>
            </param>
          </params>
          <reporter-output>
          </reporter-output>
        </test-method> <!-- afterTest -->
        <test-method status="PASS" signature="afterSuit(org.testng.ITestContext)[pri:0, instance:qaf.example.tests.Suite1@7364985f]" name="afterSuit" is-config="true" duration-ms="2" started-at="2018-09-06T16:08:27Z" finished-at="2018-09-06T16:08:27Z">
          <params>
            <param index="0">
              <value>
                <![CDATA[org.testng.TestRunner@12d3a4e9]]>
              </value>
            </param>
          </params>
          <reporter-output>
          </reporter-output>
        </test-method> <!-- afterSuit -->
      </class> <!-- qaf.example.tests.Suite1 -->
      <class name="qaf.example.tests.Suite2">
        <test-method status="PASS" signature="setup(org.testng.ITestContext)[pri:0, instance:qaf.example.tests.Suite2@5d20e46]" name="setup" is-config="true" duration-ms="1" started-at="2018-09-06T16:08:15Z" finished-at="2018-09-06T16:08:15Z">
          <params>
            <param index="0">
              <value>
                <![CDATA[org.testng.TestRunner@12d3a4e9]]>
              </value>
            </param>
          </params>
          <reporter-output>
          </reporter-output>
        </test-method> <!-- setup -->
        <test-method status="PASS" signature="setupMethod(java.lang.reflect.Method, org.testng.ITestContext)[pri:0, instance:qaf.example.tests.Suite2@5d20e46]" name="setupMethod" is-config="true" duration-ms="1" started-at="2018-09-06T16:08:15Z" finished-at="2018-09-06T16:08:15Z">
          <params>
            <param index="0">
              <value>
                <![CDATA[public void qaf.example.tests.Suite2.testGoogleSearch()]]>
              </value>
            </param>
            <param index="1">
              <value>
                <![CDATA[org.testng.TestRunner@12d3a4e9]]>
              </value>
            </param>
          </params>
          <reporter-output>
          </reporter-output>
        </test-method> <!-- setupMethod -->
        <test-method status="FAIL" signature="testGoogleSearch()[pri:0, instance:qaf.example.tests.Suite2@5d20e46]" name="testGoogleSearch" duration-ms="10887" started-at="2018-09-06T16:08:15Z" description="test Google Search" finished-at="2018-09-06T16:08:26Z">
          <exception class="org.openqa.selenium.TimeoutException">
            <message>
              <![CDATA[Timed out after 10 seconds waiting for presence of element located by: By.name: q
Build info: version: '2.53.0', revision: '35ae25b1534ae328c771e0856c93e187490ca824', time: '2016-03-15 10:43:46'
System info: host: 'ICPL10361', ip: '10.12.41.174', os.name: 'Windows 10', os.arch: 'amd64', os.version: '10.0', java.version: '1.8.0_181'
Driver info: driver.version: QAFExtendedWebDriver]]>
            </message>
            <full-stacktrace>
              <![CDATA[org.openqa.selenium.TimeoutException: Timed out after 10 seconds waiting for presence of element located by: By.name: q
Build info: version: '2.53.0', revision: '35ae25b1534ae328c771e0856c93e187490ca824', time: '2016-03-15 10:43:46'
System info: host: 'ICPL10361', ip: '10.12.41.174', os.name: 'Windows 10', os.arch: 'amd64', os.version: '10.0', java.version: '1.8.0_181'
Driver info: driver.version: QAFExtendedWebDriver
	at com.qmetry.qaf.automation.ui.util.DynamicWait.until(DynamicWait.java:170)
	at com.qmetry.qaf.automation.ui.webdriver.QAFExtendedWebDriver.load(QAFExtendedWebDriver.java:216)
	at com.qmetry.qaf.automation.ui.webdriver.QAFExtendedWebElement.load(QAFExtendedWebElement.java:299)
	at com.qmetry.qaf.automation.ui.webdriver.QAFExtendedWebElement.execute(QAFExtendedWebElement.java:250)
	at org.openqa.selenium.remote.RemoteWebElement.sendKeys(RemoteWebElement.java:122)
	at com.qmetry.qaf.automation.step.CommonStep.sendKeys_aroundBody6(CommonStep.java:119)
	at com.qmetry.qaf.automation.step.CommonStep$AjcClosure7.run(CommonStep.java:1)
	at org.aspectj.runtime.reflect.JoinPointImpl.proceed(JoinPointImpl.java:149)
	at com.qmetry.qaf.automation.step.JavaStepReporter$MockJavaStep.doExecute(JavaStepReporter.java:138)
	at com.qmetry.qaf.automation.step.BaseTestStep.execute(BaseTestStep.java:149)
	at com.qmetry.qaf.automation.step.JavaStepReporter.javaTestStep(JavaStepReporter.java:88)
	at com.qmetry.qaf.automation.step.CommonStep.sendKeys(CommonStep.java:118)
	at qaf.example.tests.Suite2.testGoogleSearch(Suite2.java:12)
	at sun.reflect.NativeMethodAccessorImpl.invoke0(Native Method)
	at sun.reflect.NativeMethodAccessorImpl.invoke(Unknown Source)
	at sun.reflect.DelegatingMethodAccessorImpl.invoke(Unknown Source)
	at java.lang.reflect.Method.invoke(Unknown Source)
	at org.testng.internal.MethodInvocationHelper.invokeMethod(MethodInvocationHelper.java:104)
	at org.testng.internal.Invoker.invokeMethod(Invoker.java:645)
	at org.testng.internal.Invoker.invokeTestMethod(Invoker.java:851)
	at org.testng.internal.Invoker.invokeTestMethods(Invoker.java:1177)
	at org.testng.internal.TestMethodWorker.invokeTestMethods(TestMethodWorker.java:129)
	at org.testng.internal.TestMethodWorker.run(TestMethodWorker.java:112)
	at org.testng.TestRunner.privateRun(TestRunner.java:781)
	at org.testng.TestRunner.run(TestRunner.java:635)
	at org.testng.SuiteRunner.runTest(SuiteRunner.java:387)
	at org.testng.SuiteRunner.runSequentially(SuiteRunner.java:382)
	at org.testng.SuiteRunner.privateRun(SuiteRunner.java:340)
	at org.testng.SuiteRunner.run(SuiteRunner.java:289)
	at org.testng.SuiteRunnerWorker.runSuite(SuiteRunnerWorker.java:52)
	at org.testng.SuiteRunnerWorker.run(SuiteRunnerWorker.java:86)
	at org.testng.TestNG.runSuitesSequentially(TestNG.java:1293)
	at org.testng.TestNG.runSuitesLocally(TestNG.java:1218)
	at org.testng.TestNG.runSuites(TestNG.java:1133)
	at org.testng.TestNG.run(TestNG.java:1104)
	at org.testng.TestNG.privateMain(TestNG.java:1434)
	at org.testng.TestNG.main(TestNG.java:1403)
Caused by: org.openqa.selenium.NoSuchElementException: no such element: Unable to locate element: {"method":"name","selector":"q"}
  (Session info: chrome=68.0.3440.106)
  (Driver info: chromedriver=2.41.578737 (49da6702b16031c40d63e5618de03a32ff6c197e),platform=Windows NT 10.0.17134 x86_64) (WARNING: The server did not provide any stacktrace information)
Command duration or timeout: 19 milliseconds
For documentation on this error, please visit: http://seleniumhq.org/exceptions/no_such_element.html
Build info: version: '2.53.0', revision: '35ae25b1534ae328c771e0856c93e187490ca824', time: '2016-03-15 10:43:46'
System info: host: 'ICPL10361', ip: '10.12.41.174', os.name: 'Windows 10', os.arch: 'amd64', os.version: '10.0', java.version: '1.8.0_181'
Driver info: com.qmetry.qaf.automation.ui.webdriver.QAFExtendedWebDriver
Capabilities [{mobileEmulationEnabled=false, hasTouchScreen=false, platform=XP, acceptSslCerts=false, goog:chromeOptions={debuggerAddress=localhost:56514}, acceptInsecureCerts=false, webStorageEnabled=true, browserName=chrome, takesScreenshot=true, javascriptEnabled=true, setWindowRect=true, unexpectedAlertBehaviour=, applicationCacheEnabled=false, rotatable=false, networkConnectionEnabled=false, chrome={chromedriverVersion=2.41.578737 (49da6702b16031c40d63e5618de03a32ff6c197e), userDataDir=C:\Users\DHEERA~1.KUM\AppData\Local\Temp\scoped_dir8708_26673}, takesHeapSnapshot=true, pageLoadStrategy=normal, databaseEnabled=false, handlesAlerts=true, version=68.0.3440.106, browserConnectionEnabled=false, nativeEvents=true, locationContextEnabled=true, cssSelectorsEnabled=true}]
Session ID: 0031715279323f4d076db52356c6a8f2
*** Element info: {Using=name, value=q}
	at sun.reflect.GeneratedConstructorAccessor14.newInstance(Unknown Source)
	at sun.reflect.DelegatingConstructorAccessorImpl.newInstance(Unknown Source)
	at java.lang.reflect.Constructor.newInstance(Unknown Source)
	at org.openqa.selenium.remote.ErrorHandler.createThrowable(ErrorHandler.java:206)
	at org.openqa.selenium.remote.ErrorHandler.throwIfResponseFailed(ErrorHandler.java:158)
	at org.openqa.selenium.remote.RemoteWebDriver.execute(RemoteWebDriver.java:678)
	at com.qmetry.qaf.automation.ui.webdriver.QAFExtendedWebDriver.execute(QAFExtendedWebDriver.java:236)
	at org.openqa.selenium.remote.RemoteWebDriver.findElement(RemoteWebDriver.java:363)
	at org.openqa.selenium.remote.RemoteWebDriver.findElementByName(RemoteWebDriver.java:461)
	at com.qmetry.qaf.automation.ui.webdriver.QAFExtendedWebDriver.findElementByName(QAFExtendedWebDriver.java:385)
	at com.qmetry.qaf.automation.ui.webdriver.QAFExtendedWebDriver.findElementByName(QAFExtendedWebDriver.java:1)
	at org.openqa.selenium.By$ByName.findElement(By.java:303)
	at org.openqa.selenium.remote.RemoteWebDriver.findElement(RemoteWebDriver.java:355)
	at com.qmetry.qaf.automation.ui.webdriver.QAFExtendedWebDriver.findElement(QAFExtendedWebDriver.java:171)
	at com.qmetry.qaf.automation.ui.webdriver.QAFExtendedWebDriver.findElement(QAFExtendedWebDriver.java:1)
	at org.openqa.selenium.support.ui.ExpectedConditions.findElement(ExpectedConditions.java:899)
	at org.openqa.selenium.support.ui.ExpectedConditions.access$000(ExpectedConditions.java:41)
	at org.openqa.selenium.support.ui.ExpectedConditions$6.apply(ExpectedConditions.java:181)
	at org.openqa.selenium.support.ui.ExpectedConditions$6.apply(ExpectedConditions.java:178)
	at com.qmetry.qaf.automation.ui.util.DynamicWait.until(DynamicWait.java:149)
	... 36 more
]]>
            </full-stacktrace>
          </exception> <!-- org.openqa.selenium.TimeoutException -->
          <reporter-output>
            <line>
              <![CDATA[<div style="display:block;margin-left:10px;"><div  class="teststeppass"><span class="teststeppass-label">T </span>get '/'</div><div  class="teststepfail"><span class="teststepfail-label">T </span>sendKeys 'Git Repository QAF' into 'txt.searchbox' <a href="../img/TestGoogleSearch_17b50ilqjqjg254987.png" target="_blank">[View Screenshot]</a> </div><div style="display:block;margin-left:10px;"><div  class="fail"><span class="fail-label">F </span>org.openqa.selenium.TimeoutException: Timed out after 10 seconds waiting for presence of element located by: By.name: q
Build info: version: '2.53.0', revision: '35ae25b1534ae328c771e0856c93e187490ca824', time: '2016-03-15 10:43:46'
System info: host: 'ICPL10361', ip: '10.12.41.174', os.name: 'Windows 10', os.arch: 'amd64', os.version: '10.0', java.version: '1.8.0_181'
Driver info: driver.version: QAFExtendedWebDriver</div></div></div>]]>
            </line>
          </reporter-output>
        </test-method> <!-- testGoogleSearch -->
        <test-method status="PASS" signature="afterMethod(org.testng.ITestContext, org.testng.ITestResult)[pri:0, instance:qaf.example.tests.Suite2@5d20e46]" name="afterMethod" is-config="true" duration-ms="1" started-at="2018-09-06T16:08:26Z" finished-at="2018-09-06T16:08:26Z">
          <params>
            <param index="0">
              <value>
                <![CDATA[org.testng.TestRunner@12d3a4e9]]>
              </value>
            </param>
            <param index="1">
              <value>
                <![CDATA[[TestResult name=testGoogleSearch status=FAILURE method=Suite2.testGoogleSearch()[pri:0, instance:qaf.example.tests.Suite2@5d20e46] output=<div style="display:block;margin-left:10px;"><div  class="teststeppass"><span class="teststeppass-label">T </span>get '/'</div><div  class="teststepfail"><span class="teststepfail-label">T </span>sendKeys 'Git Repository QAF' into 'txt.searchbox' <a href="../img/TestGoogleSearch_17b50ilqjqjg254987.png" target="_blank">[View Screenshot]</a> </div><div style="display:block;margin-left:10px;"><div  class="fail"><span class="fail-label">F </span>org.openqa.selenium.TimeoutException: Timed out after 10 seconds waiting for presence of element located by: By.name: q
Build info: version: '2.53.0', revision: '35ae25b1534ae328c771e0856c93e187490ca824', time: '2016-03-15 10:43:46'
System info: host: 'ICPL10361', ip: '10.12.41.174', os.name: 'Windows 10', os.arch: 'amd64', os.version: '10.0', java.version: '1.8.0_181'
Driver info: driver.version: QAFExtendedWebDriver</div></div></div>]]]>
              </value>
            </param>
          </params>
          <reporter-output>
          </reporter-output>
        </test-method> <!-- afterMethod -->
        <test-method status="PASS" signature="afterClass(org.testng.ITestContext)[pri:0, instance:qaf.example.tests.Suite2@5d20e46]" name="afterClass" is-config="true" duration-ms="0" started-at="2018-09-06T16:08:26Z" finished-at="2018-09-06T16:08:26Z">
          <params>
            <param index="0">
              <value>
                <![CDATA[org.testng.TestRunner@12d3a4e9]]>
              </value>
            </param>
          </params>
          <reporter-output>
          </reporter-output>
        </test-method> <!-- afterClass -->
      </class> <!-- qaf.example.tests.Suite2 -->
    </test> <!-- JAVA Test -->
  </suite> <!-- QAF Example -->
</testng-results>
